16:11:23 **** Incremental Build of project 6UVME_board ****
buildplatform.sh 40319 6UVME_board standalone_domain,zynq_fsbl 
XSDB Server Channel: tcfchan#2
Building the zynq_fsbl application.
make -C zynq_fsbl_bsp

make[1]: Entering directory '/home/salvador/salvador_fork/watchman-readout/FMC_TargetC_Prototype/vitis/6UVME_board/zynq_fsbl/zy
nq_fsbl_bsp'

Running Make include in ps7_cortexa9_0/libsrc/axidma_v9_11/src

make -C ps7_cortexa9_0/libsrc/axidma_v9_11/src -s include  "SHELL=/bin/sh" "COMPILER=arm-none-eabi-gcc" "ASSEMBLER=arm-none-eab
i-as" "ARCHIVER=arm-none-eabi-ar" "COMPILER_FLAGS=  -O2 -c" "EXTRA_COMPILER_FLAGS=-mcpu=cortex-a9 -mfpu=vfpv3 -mfloat-abi=hard 
-nostartfiles -g -Wall -Wextra"

make[2]: Entering directory '/home/salvador/salvador_fork/watchman-readout/FMC_TargetC_Prototype/vitis/6UVME_board/zynq_fsbl/zy
nq_fsbl_bsp/ps7_cortexa9_0/libsrc/axidma_v9_11/src'

make[2]: Leaving directory '/home/salvador/salvador_fork/watchman-readout/FMC_TargetC_Prototype/vitis/6UVME_board/zynq_fsbl/zyn
q_fsbl_bsp/ps7_cortexa9_0/libsrc/axidma_v9_11/src'

Running Make include in ps7_cortexa9_0/libsrc/cpu_cortexa9_v2_9/src

make -C ps7_cortexa9_0/libsrc/cpu_cortexa9_v2_9/src -s include  "SHELL=/bin/sh" "COMPILER=arm-none-eabi-gcc" "ASSEMBLER=arm-non
e-eabi-as" "ARCHIVER=arm-none-eabi-ar" "COMPILER_FLAGS=  -O2 -c" "EXTRA_COMPILER_FLAGS=-mcpu=cortex-a9 -mfpu=vfpv3 -mfloat-abi=
hard -nostartfiles -g -Wall -Wextra"

make[2]: Entering directory '/home/salvador/salvador_fork/watchman-readout/FMC_TargetC_Prototype/vitis/6UVME_board/zynq_fsbl/zy
nq_fsbl_bsp/ps7_cortexa9_0/libsrc/cpu_cortexa9_v2_9/src'

make[2]: Leaving directory '/home/salvador/salvador_fork/watchman-readout/FMC_TargetC_Prototype/vitis/6UVME_board/zynq_fsbl/zyn
q_fsbl_bsp/ps7_cortexa9_0/libsrc/cpu_cortexa9_v2_9/src'

Running Make include in ps7_cortexa9_0/libsrc/xilffs_v4_3/src

make -C ps7_cortexa9_0/libsrc/xilffs_v4_3/src -s include  "SHELL=/bin/sh" "COMPILER=arm-none-eabi-gcc" "ASSEMBLER=arm-none-eabi
-as" "ARCHIVER=arm-none-eabi-ar" "COMPILER_FLAGS=  -O2 -c" "EXTRA_COMPILER_FLAGS=-mcpu=cortex-a9 -mfpu=vfpv3 -mfloat-abi=hard -
nostartfiles -g -Wall -Wextra"

make[2]: Entering directory '/home/salvador/salvador_fork/watchman-readout/FMC_TargetC_Prototype/vitis/6UVME_board/zynq_fsbl/zy
nq_fsbl_bsp/ps7_cortexa9_0/libsrc/xilffs_v4_3/src'

make[2]: Leaving directory '/home/salvador/salvador_fork/watchman-readout/FMC_TargetC_Prototype/vitis/6UVME_board/zynq_fsbl/zyn
q_fsbl_bsp/ps7_cortexa9_0/libsrc/xilffs_v4_3/src'

Running Make include in ps7_cortexa9_0/libsrc/standalone_v7_2/src

make -C ps7_cortexa9_0/libsrc/standalone_v7_2/src -s include  "SHELL=/bin/sh" "COMPILER=arm-none-eabi-gcc" "ASSEMBLER=arm-none-
eabi-as" "ARCHIVER=arm-none-eabi-ar" "COMPILER_FLAGS=  -O2 -c" "EXTRA_COMPILER_FLAGS=-mcpu=cortex-a9 -mfpu=vfpv3 -mfloat-abi=ha
rd -nostartfiles -g -Wall -Wextra"

make[2]: Entering directory '/home/salvador/salvador_fork/watchman-readout/FMC_TargetC_Prototype/vitis/6UVME_board/zynq_fsbl/zy
nq_fsbl_bsp/ps7_cortexa9_0/libsrc/standalone_v7_2/src'

make[3]: Entering directory '/home/salvador/salvador_fork/watchman-readout/FMC_TargetC_Prototype/vitis/6UVME_board/zynq_fsbl/zy
nq_fsbl_bsp/ps7_cortexa9_0/libsrc/standalone_v7_2/src/profile'

make[3]: Leaving directory '/home/salvador/salvador_fork/watchman-readout/FMC_TargetC_Prototype/vitis/6UVME_board/zynq_fsbl/zyn
q_fsbl_bsp/ps7_cortexa9_0/libsrc/standalone_v7_2/src/profile'

make[2]: Leaving directory '/home/salvador/salvador_fork/watchman-readout/FMC_TargetC_Prototype/vitis/6UVME_board/zynq_fsbl/zyn
q_fsbl_bsp/ps7_cortexa9_0/libsrc/standalone_v7_2/src'

Running Make include in ps7_cortexa9_0/libsrc/iicps_v3_11/src

make -C ps7_cortexa9_0/libsrc/iicps_v3_11/src -s include  "SHELL=/bin/sh" "COMPILER=arm-none-eabi-gcc" "ASSEMBLER=arm-none-eabi
-as" "ARCHIVER=arm-none-eabi-ar" "COMPILER_FLAGS=  -O2 -c" "EXTRA_COMPILER_FLAGS=-mcpu=cortex-a9 -mfpu=vfpv3 -mfloat-abi=hard -
nostartfiles -g -Wall -Wextra"

make[2]: Entering directory '/home/salvador/salvador_fork/watchman-readout/FMC_TargetC_Prototype/vitis/6UVME_board/zynq_fsbl/zy
nq_fsbl_bsp/ps7_cortexa9_0/libsrc/iicps_v3_11/src'

make[2]: Leaving directory '/home/salvador/salvador_fork/watchman-readout/FMC_TargetC_Prototype/vitis/6UVME_board/zynq_fsbl/zyn
q_fsbl_bsp/ps7_cortexa9_0/libsrc/iicps_v3_11/src'

Running Make include in ps7_cortexa9_0/libsrc/scuwdt_v2_2/src

make -C ps7_cortexa9_0/libsrc/scuwdt_v2_2/src -s include  "SHELL=/bin/sh" "COMPILER=arm-none-eabi-gcc" "ASSEMBLER=arm-none-eabi
-as" "ARCHIVER=arm-none-eabi-ar" "COMPILER_FLAGS=  -O2 -c" "EXTRA_COMPILER_FLAGS=-mcpu=cortex-a9 -mfpu=vfpv3 -mfloat-abi=hard -
nostartfiles -g -Wall -Wextra"

make[2]: Entering directory '/home/salvador/salvador_fork/watchman-readout/FMC_TargetC_Prototype/vitis/6UVME_board/zynq_fsbl/zy
nq_fsbl_bsp/ps7_cortexa9_0/libsrc/scuwdt_v2_2/src'

make[2]: Leaving directory '/home/salvador/salvador_fork/watchman-readout/FMC_TargetC_Prototype/vitis/6UVME_board/zynq_fsbl/zyn
q_fsbl_bsp/ps7_cortexa9_0/libsrc/scuwdt_v2_2/src'

Running Make include in ps7_cortexa9_0/libsrc/dmaps_v2_6/src

make -C ps7_cortexa9_0/libsrc/dmaps_v2_6/src -s include  "SHELL=/bin/sh" "COMPILER=arm-none-eabi-gcc" "ASSEMBLER=arm-none-eabi-
as" "ARCHIVER=arm-none-eabi-ar" "COMPILER_FLAGS=  -O2 -c" "EXTRA_COMPILER_FLAGS=-mcpu=cortex-a9 -mfpu=vfpv3 -mfloat-abi=hard -n
ostartfiles -g -Wall -Wextra"

make[2]: Entering directory '/home/salvador/salvador_fork/watchman-readout/FMC_TargetC_Prototype/vitis/6UVME_board/zynq_fsbl/zy
nq_fsbl_bsp/ps7_cortexa9_0/libsrc/dmaps_v2_6/src'

make[2]: Leaving directory '/home/salvador/salvador_fork/watchman-readout/FMC_TargetC_Prototype/vitis/6UVME_board/zynq_fsbl/zyn
q_fsbl_bsp/ps7_cortexa9_0/libsrc/dmaps_v2_6/src'

Running Make include in ps7_cortexa9_0/libsrc/xilrsa_v1_6/src

make -C ps7_cortexa9_0/libsrc/xilrsa_v1_6/src -s include  "SHELL=/bin/sh" "COMPILER=arm-none-eabi-gcc" "ASSEMBLER=arm-none-eabi
-as" "ARCHIVER=arm-none-eabi-ar" "COMPILER_FLAGS=  -O2 -c" "EXTRA_COMPILER_FLAGS=-mcpu=cortex-a9 -mfpu=vfpv3 -mfloat-abi=hard -
nostartfiles -g -Wall -Wextra"

make[2]: Entering directory '/home/salvador/salvador_fork/watchman-readout/FMC_TargetC_Prototype/vitis/6UVME_board/zynq_fsbl/zy
nq_fsbl_bsp/ps7_cortexa9_0/libsrc/xilrsa_v1_6/src'

make[2]: Leaving directory '/home/salvador/salvador_fork/watchman-readout/FMC_TargetC_Prototype/vitis/6UVME_board/zynq_fsbl/zyn
q_fsbl_bsp/ps7_cortexa9_0/libsrc/xilrsa_v1_6/src'

Running Make include in ps7_cortexa9_0/libsrc/scutimer_v2_2/src

make -C ps7_cortexa9_0/libsrc/scutimer_v2_2/src -s include  "SHELL=/bin/sh" "COMPILER=arm-none-eabi-gcc" "ASSEMBLER=arm-none-ea
bi-as" "ARCHIVER=arm-none-eabi-ar" "COMPILER_FLAGS=  -O2 -c" "EXTRA_COMPILER_FLAGS=-mcpu=cortex-a9 -mfpu=vfpv3 -mfloat-abi=hard
 -nostartfiles -g -Wall -Wextra"

make[2]: Entering directory '/home/salvador/salvador_fork/watchman-readout/FMC_TargetC_Prototype/vitis/6UVME_board/zynq_fsbl/zy
nq_fsbl_bsp/ps7_cortexa9_0/libsrc/scutimer_v2_2/src'

make[2]: Leaving directory '/home/salvador/salvador_fork/watchman-readout/FMC_TargetC_Prototype/vitis/6UVME_board/zynq_fsbl/zyn
q_fsbl_bsp/ps7_cortexa9_0/libsrc/scutimer_v2_2/src'

Running Make include in ps7_cortexa9_0/libsrc/xadcps_v2_4/src

make -C ps7_cortexa9_0/libsrc/xadcps_v2_4/src -s include  "SHELL=/bin/sh" "COMPILER=arm-none-eabi-gcc" "ASSEMBLER=arm-none-eabi
-as" "ARCHIVER=arm-none-eabi-ar" "COMPILER_FLAGS=  -O2 -c" "EXTRA_COMPILER_FLAGS=-mcpu=cortex-a9 -mfpu=vfpv3 -mfloat-abi=hard -
nostartfiles -g -Wall -Wextra"

make[2]: Entering directory '/home/salvador/salvador_fork/watchman-readout/FMC_TargetC_Prototype/vitis/6UVME_board/zynq_fsbl/zy
nq_fsbl_bsp/ps7_cortexa9_0/libsrc/xadcps_v2_4/src'

make[2]: Leaving directory '/home/salvador/salvador_fork/watchman-readout/FMC_TargetC_Prototype/vitis/6UVME_board/zynq_fsbl/zyn
q_fsbl_bsp/ps7_cortexa9_0/libsrc/xadcps_v2_4/src'

Running Make include in ps7_cortexa9_0/libsrc/sdps_v3_9/src

make -C ps7_cortexa9_0/libsrc/sdps_v3_9/src -s include  "SHELL=/bin/sh" "COMPILER=arm-none-eabi-gcc" "ASSEMBLER=arm-none-eabi-a
s" "ARCHIVER=arm-none-eabi-ar" "COMPILER_FLAGS=  -O2 -c" "EXTRA_COMPILER_FLAGS=-mcpu=cortex-a9 -mfpu=vfpv3 -mfloat-abi=hard -no
startfiles -g -Wall -Wextra"

make[2]: Entering directory '/home/salvador/salvador_fork/watchman-readout/FMC_TargetC_Prototype/vitis/6UVME_board/zynq_fsbl/zy
nq_fsbl_bsp/ps7_cortexa9_0/libsrc/sdps_v3_9/src'

make[2]: Leaving directory '/home/salvador/salvador_fork/watchman-readout/FMC_TargetC_Prototype/vitis/6UVME_board/zynq_fsbl/zyn
q_fsbl_bsp/ps7_cortexa9_0/libsrc/sdps_v3_9/src'

Running Make include in ps7_cortexa9_0/libsrc/ddrps_v1_1/src

make -C ps7_cortexa9_0/libsrc/ddrps_v1_1/src -s include  "SHELL=/bin/sh" "COMPILER=arm-none-eabi-gcc" "ASSEMBLER=arm-none-eabi-
as" "ARCHIVER=arm-none-eabi-ar" "COMPILER_FLAGS=  -O2 -c" "EXTRA_COMPILER_FLAGS=-mcpu=cortex-a9 -mfpu=vfpv3 -mfloat-abi=hard -n
ostartfiles -g -Wall -Wextra"

make[2]: Entering directory '/home/salvador/salvador_fork/watchman-readout/FMC_TargetC_Prototype/vitis/6UVME_board/zynq_fsbl/zy
nq_fsbl_bsp/ps7_cortexa9_0/libsrc/ddrps_v1_1/src'

make[2]: Leaving directory '/home/salvador/salvador_fork/watchman-readout/FMC_TargetC_Prototype/vitis/6UVME_board/zynq_fsbl/zyn
q_fsbl_bsp/ps7_cortexa9_0/libsrc/ddrps_v1_1/src'

Running Make include in ps7_cortexa9_0/libsrc/uartps_v3_9/src

make -C ps7_cortexa9_0/libsrc/uartps_v3_9/src -s include  "SHELL=/bin/sh" "COMPILER=arm-none-eabi-gcc" "ASSEMBLER=arm-none-eabi
-as" "ARCHIVER=arm-none-eabi-ar" "COMPILER_FLAGS=  -O2 -c" "EXTRA_COMPILER_FLAGS=-mcpu=cortex-a9 -mfpu=vfpv3 -mfloat-abi=hard -
nostartfiles -g -Wall -Wextra"

make[2]: Entering directory '/home/salvador/salvador_fork/watchman-readout/FMC_TargetC_Prototype/vitis/6UVME_board/zynq_fsbl/zy
nq_fsbl_bsp/ps7_cortexa9_0/libsrc/uartps_v3_9/src'

make[2]: Leaving directory '/home/salvador/salvador_fork/watchman-readout/FMC_TargetC_Prototype/vitis/6UVME_board/zynq_fsbl/zyn
q_fsbl_bsp/ps7_cortexa9_0/libsrc/uartps_v3_9/src'

Running Make include in ps7_cortexa9_0/libsrc/coresightps_dcc_v1_7/src

make -C ps7_cortexa9_0/libsrc/coresightps_dcc_v1_7/src -s include  "SHELL=/bin/sh" "COMPILER=arm-none-eabi-gcc" "ASSEMBLER=arm-
none-eabi-as" "ARCHIVER=arm-none-eabi-ar" "COMPILER_FLAGS=  -O2 -c" "EXTRA_COMPILER_FLAGS=-mcpu=cortex-a9 -mfpu=vfpv3 -mfloat-a
bi=hard -nostartfiles -g -Wall -Wextra"

make[2]: Entering directory '/home/salvador/salvador_fork/watchman-readout/FMC_TargetC_Prototype/vitis/6UVME_board/zynq_fsbl/zy
nq_fsbl_bsp/ps7_cortexa9_0/libsrc/coresightps_dcc_v1_7/src'

make[2]: Leaving directory '/home/salvador/salvador_fork/watchman-readout/FMC_TargetC_Prototype/vitis/6UVME_board/zynq_fsbl/zyn
q_fsbl_bsp/ps7_cortexa9_0/libsrc/coresightps_dcc_v1_7/src'

Running Make include in ps7_cortexa9_0/libsrc/devcfg_v3_6/src

make -C ps7_cortexa9_0/libsrc/devcfg_v3_6/src -s include  "SHELL=/bin/sh" "COMPILER=arm-none-eabi-gcc" "ASSEMBLER=arm-none-eabi
-as" "ARCHIVER=arm-none-eabi-ar" "COMPILER_FLAGS=  -O2 -c" "EXTRA_COMPILER_FLAGS=-mcpu=cortex-a9 -mfpu=vfpv3 -mfloat-abi=hard -
nostartfiles -g -Wall -Wextra"

make[2]: Entering directory '/home/salvador/salvador_fork/watchman-readout/FMC_TargetC_Prototype/vitis/6UVME_board/zynq_fsbl/zy
nq_fsbl_bsp/ps7_cortexa9_0/libsrc/devcfg_v3_6/src'

make[2]: Leaving directory '/home/salvador/salvador_fork/watchman-readout/FMC_TargetC_Prototype/vitis/6UVME_board/zynq_fsbl/zyn
q_fsbl_bsp/ps7_cortexa9_0/libsrc/devcfg_v3_6/src'

Running Make include in ps7_cortexa9_0/libsrc/scugic_v4_2/src

make -C ps7_cortexa9_0/libsrc/scugic_v4_2/src -s include  "SHELL=/bin/sh" "COMPILER=arm-none-eabi-gcc" "ASSEMBLER=arm-none-eabi
-as" "ARCHIVER=arm-none-eabi-ar" "COMPILER_FLAGS=  -O2 -c" "EXTRA_COMPILER_FLAGS=-mcpu=cortex-a9 -mfpu=vfpv3 -mfloat-abi=hard -
nostartfiles -g -Wall -Wextra"

make[2]: Entering directory '/home/salvador/salvador_fork/watchman-readout/FMC_TargetC_Prototype/vitis/6UVME_board/zynq_fsbl/zy
nq_fsbl_bsp/ps7_cortexa9_0/libsrc/scugic_v4_2/src'

make[2]: Leaving directory '/home/salvador/salvador_fork/watchman-readout/FMC_TargetC_Prototype/vitis/6UVME_board/zynq_fsbl/zyn
q_fsbl_bsp/ps7_cortexa9_0/libsrc/scugic_v4_2/src'

Running Make include in ps7_cortexa9_0/libsrc/qspips_v3_7/src

make -C ps7_cortexa9_0/libsrc/qspips_v3_7/src -s include  "SHELL=/bin/sh" "COMPILER=arm-none-eabi-gcc" "ASSEMBLER=arm-none-eabi
-as" "ARCHIVER=arm-none-eabi-ar" "COMPILER_FLAGS=  -O2 -c" "EXTRA_COMPILER_FLAGS=-mcpu=cortex-a9 -mfpu=vfpv3 -mfloat-abi=hard -
nostartfiles -g -Wall -Wextra"

make[2]: Entering directory '/home/salvador/salvador_fork/watchman-readout/FMC_TargetC_Prototype/vitis/6UVME_board/zynq_fsbl/zy
nq_fsbl_bsp/ps7_cortexa9_0/libsrc/qspips_v3_7/src'

make[2]: Leaving directory '/home/salvador/salvador_fork/watchman-readout/FMC_TargetC_Prototype/vitis/6UVME_board/zynq_fsbl/zyn
q_fsbl_bsp/ps7_cortexa9_0/libsrc/qspips_v3_7/src'

Running Make include in ps7_cortexa9_0/libsrc/emacps_v3_11/src

make -C ps7_cortexa9_0/libsrc/emacps_v3_11/src -s include  "SHELL=/bin/sh" "COMPILER=arm-none-eabi-gcc" "ASSEMBLER=arm-none-eab
i-as" "ARCHIVER=arm-none-eabi-ar" "COMPILER_FLAGS=  -O2 -c" "EXTRA_COMPILER_FLAGS=-mcpu=cortex-a9 -mfpu=vfpv3 -mfloat-abi=hard 
-nostartfiles -g -Wall -Wextra"

make[2]: Entering directory '/home/salvador/salvador_fork/watchman-readout/FMC_TargetC_Prototype/vitis/6UVME_board/zynq_fsbl/zy
nq_fsbl_bsp/ps7_cortexa9_0/libsrc/emacps_v3_11/src'

make[2]: Leaving directory '/home/salvador/salvador_fork/watchman-readout/FMC_TargetC_Prototype/vitis/6UVME_board/zynq_fsbl/zyn
q_fsbl_bsp/ps7_cortexa9_0/libsrc/emacps_v3_11/src'

Running Make include in ps7_cortexa9_0/libsrc/ttcps_v3_11/src

make -C ps7_cortexa9_0/libsrc/ttcps_v3_11/src -s include  "SHELL=/bin/sh" "COMPILER=arm-none-eabi-gcc" "ASSEMBLER=arm-none-eabi
-as" "ARCHIVER=arm-none-eabi-ar" "COMPILER_FLAGS=  -O2 -c" "EXTRA_COMPILER_FLAGS=-mcpu=cortex-a9 -mfpu=vfpv3 -mfloat-abi=hard -
nostartfiles -g -Wall -Wextra"

make[2]: Entering directory '/home/salvador/salvador_fork/watchman-readout/FMC_TargetC_Prototype/vitis/6UVME_board/zynq_fsbl/zy
nq_fsbl_bsp/ps7_cortexa9_0/libsrc/ttcps_v3_11/src'

make[2]: Leaving directory '/home/salvador/salvador_fork/watchman-readout/FMC_TargetC_Prototype/vitis/6UVME_board/zynq_fsbl/zyn
q_fsbl_bsp/ps7_cortexa9_0/libsrc/ttcps_v3_11/src'

Running Make libs in ps7_cortexa9_0/libsrc/axidma_v9_11/src

make -C ps7_cortexa9_0/libsrc/axidma_v9_11/src -s libs  "SHELL=/bin/sh" "COMPILER=arm-none-eabi-gcc" "ASSEMBLER=arm-none-eabi-a
s" "ARCHIVER=arm-none-eabi-ar" "COMPILER_FLAGS=  -O2 -c" "EXTRA_COMPILER_FLAGS=-mcpu=cortex-a9 -mfpu=vfpv3 -mfloat-abi=hard -no
startfiles -g -Wall -Wextra"

make[2]: Entering directory '/home/salvador/salvador_fork/watchman-readout/FMC_TargetC_Prototype/vitis/6UVME_board/zynq_fsbl/zy
nq_fsbl_bsp/ps7_cortexa9_0/libsrc/axidma_v9_11/src'

Compiling axidma

/tools/Xilinx/Vitis/2020.1/gnu/aarch32/lin/gcc-arm-none-eabi/bin/../x86_64-oesdk-linux/usr/bin/arm-xilinx-eabi/arm-xilinx-eabi-ar.real: creating ../../../lib/libxil.a
make[2]: Leaving directory '/home/salvador/salvador_fork/watchman-readout/FMC_TargetC_Prototype/vitis/6UVME_board/zynq_fsbl/zyn
q_fsbl_bsp/ps7_cortexa9_0/libsrc/axidma_v9_11/src'

Running Make libs in ps7_cortexa9_0/libsrc/cpu_cortexa9_v2_9/src

make -C ps7_cortexa9_0/libsrc/cpu_cortexa9_v2_9/src -s libs  "SHELL=/bin/sh" "COMPILER=arm-none-eabi-gcc" "ASSEMBLER=arm-none-e
abi-as" "ARCHIVER=arm-none-eabi-ar" "COMPILER_FLAGS=  -O2 -c" "EXTRA_COMPILER_FLAGS=-mcpu=cortex-a9 -mfpu=vfpv3 -mfloat-abi=har
d -nostartfiles -g -Wall -Wextra"

make[2]: Entering directory '/home/salvador/salvador_fork/watchman-readout/FMC_TargetC_Prototype/vitis/6UVME_board/zynq_fsbl/zy
nq_fsbl_bsp/ps7_cortexa9_0/libsrc/cpu_cortexa9_v2_9/src'

Compiling cpu_cortexa9

make[2]: Leaving directory '/home/salvador/salvador_fork/watchman-readout/FMC_TargetC_Prototype/vitis/6UVME_board/zynq_fsbl/zyn
q_fsbl_bsp/ps7_cortexa9_0/libsrc/cpu_cortexa9_v2_9/src'

Running Make libs in ps7_cortexa9_0/libsrc/xilffs_v4_3/src

make -C ps7_cortexa9_0/libsrc/xilffs_v4_3/src -s libs  "SHELL=/bin/sh" "COMPILER=arm-none-eabi-gcc" "ASSEMBLER=arm-none-eabi-as
" "ARCHIVER=arm-none-eabi-ar" "COMPILER_FLAGS=  -O2 -c" "EXTRA_COMPILER_FLAGS=-mcpu=cortex-a9 -mfpu=vfpv3 -mfloat-abi=hard -nos
tartfiles -g -Wall -Wextra"

make[2]: Entering directory '/home/salvador/salvador_fork/watchman-readout/FMC_TargetC_Prototype/vitis/6UVME_board/zynq_fsbl/zy
nq_fsbl_bsp/ps7_cortexa9_0/libsrc/xilffs_v4_3/src'

Compiling XilFFs Library

make[2]: Leaving directory '/home/salvador/salvador_fork/watchman-readout/FMC_TargetC_Prototype/vitis/6UVME_board/zynq_fsbl/zyn
q_fsbl_bsp/ps7_cortexa9_0/libsrc/xilffs_v4_3/src'

Running Make libs in ps7_cortexa9_0/libsrc/standalone_v7_2/src

make -C ps7_cortexa9_0/libsrc/standalone_v7_2/src -s libs  "SHELL=/bin/sh" "COMPILER=arm-none-eabi-gcc" "ASSEMBLER=arm-none-eab
i-as" "ARCHIVER=arm-none-eabi-ar" "COMPILER_FLAGS=  -O2 -c" "EXTRA_COMPILER_FLAGS=-mcpu=cortex-a9 -mfpu=vfpv3 -mfloat-abi=hard 
-nostartfiles -g -Wall -Wextra"

make[2]: Entering directory '/home/salvador/salvador_fork/watchman-readout/FMC_TargetC_Prototype/vitis/6UVME_board/zynq_fsbl/zy
nq_fsbl_bsp/ps7_cortexa9_0/libsrc/standalone_v7_2/src'

Compiling standalone

In file included from sleep.c:31:
xtime_l.h:65:9: note: #pragma message: For the sleep routines, Global timer is being used
   65 | #pragma message ("For the sleep routines, Global timer is being used")
      |         ^~~~~~~
In file included from xtime_l.c:27:
xtime_l.h:65:9: note: #pragma message: For the sleep routines, Global timer is being used
   65 | #pragma message ("For the sleep routines, Global timer is being used")
      |         ^~~~~~~
In file included from xil_sleeptimer.c:32:
xtime_l.h:65:9: note: #pragma message: For the sleep routines, Global timer is being used
   65 | #pragma message ("For the sleep routines, Global timer is being used")
      |         ^~~~~~~
In file included from usleep.c:34:
xtime_l.h:65:9: note: #pragma message: For the sleep routines, Global timer is being used
   65 | #pragma message ("For the sleep routines, Global timer is being used")
      |         ^~~~~~~
make[3]: Entering directory '/home/salvador/salvador_fork/watchman-readout/FMC_TargetC_Prototype/vitis/6UVME_board/zynq_fsbl/zy
nq_fsbl_bsp/ps7_cortexa9_0/libsrc/standalone_v7_2/src/profile'

make[3]: Leaving directory '/home/salvador/salvador_fork/watchman-readout/FMC_TargetC_Prototype/vitis/6UVME_board/zynq_fsbl/zyn
q_fsbl_bsp/ps7_cortexa9_0/libsrc/standalone_v7_2/src/profile'

make[2]: Leaving directory '/home/salvador/salvador_fork/watchman-readout/FMC_TargetC_Prototype/vitis/6UVME_board/zynq_fsbl/zyn
q_fsbl_bsp/ps7_cortexa9_0/libsrc/standalone_v7_2/src'

Running Make libs in ps7_cortexa9_0/libsrc/iicps_v3_11/src

make -C ps7_cortexa9_0/libsrc/iicps_v3_11/src -s libs  "SHELL=/bin/sh" "COMPILER=arm-none-eabi-gcc" "ASSEMBLER=arm-none-eabi-as
" "ARCHIVER=arm-none-eabi-ar" "COMPILER_FLAGS=  -O2 -c" "EXTRA_COMPILER_FLAGS=-mcpu=cortex-a9 -mfpu=vfpv3 -mfloat-abi=hard -nos
tartfiles -g -Wall -Wextra"

make[2]: Entering directory '/home/salvador/salvador_fork/watchman-readout/FMC_TargetC_Prototype/vitis/6UVME_board/zynq_fsbl/zy
nq_fsbl_bsp/ps7_cortexa9_0/libsrc/iicps_v3_11/src'

Compiling iicps

make[2]: Leaving directory '/home/salvador/salvador_fork/watchman-readout/FMC_TargetC_Prototype/vitis/6UVME_board/zynq_fsbl/zyn
q_fsbl_bsp/ps7_cortexa9_0/libsrc/iicps_v3_11/src'

Running Make libs in ps7_cortexa9_0/libsrc/scuwdt_v2_2/src

make -C ps7_cortexa9_0/libsrc/scuwdt_v2_2/src -s libs  "SHELL=/bin/sh" "COMPILER=arm-none-eabi-gcc" "ASSEMBLER=arm-none-eabi-as
" "ARCHIVER=arm-none-eabi-ar" "COMPILER_FLAGS=  -O2 -c" "EXTRA_COMPILER_FLAGS=-mcpu=cortex-a9 -mfpu=vfpv3 -mfloat-abi=hard -nos
tartfiles -g -Wall -Wextra"

make[2]: Entering directory '/home/salvador/salvador_fork/watchman-readout/FMC_TargetC_Prototype/vitis/6UVME_board/zynq_fsbl/zy
nq_fsbl_bsp/ps7_cortexa9_0/libsrc/scuwdt_v2_2/src'

Compiling scuwdt

make[2]: Leaving directory '/home/salvador/salvador_fork/watchman-readout/FMC_TargetC_Prototype/vitis/6UVME_board/zynq_fsbl/zyn
q_fsbl_bsp/ps7_cortexa9_0/libsrc/scuwdt_v2_2/src'

Running Make libs in ps7_cortexa9_0/libsrc/dmaps_v2_6/src

make -C ps7_cortexa9_0/libsrc/dmaps_v2_6/src -s libs  "SHELL=/bin/sh" "COMPILER=arm-none-eabi-gcc" "ASSEMBLER=arm-none-eabi-as"
 "ARCHIVER=arm-none-eabi-ar" "COMPILER_FLAGS=  -O2 -c" "EXTRA_COMPILER_FLAGS=-mcpu=cortex-a9 -mfpu=vfpv3 -mfloat-abi=hard -nost
artfiles -g -Wall -Wextra"

make[2]: Entering directory '/home/salvador/salvador_fork/watchman-readout/FMC_TargetC_Prototype/vitis/6UVME_board/zynq_fsbl/zy
nq_fsbl_bsp/ps7_cortexa9_0/libsrc/dmaps_v2_6/src'

Compiling dmaps

make[2]: Leaving directory '/home/salvador/salvador_fork/watchman-readout/FMC_TargetC_Prototype/vitis/6UVME_board/zynq_fsbl/zyn
q_fsbl_bsp/ps7_cortexa9_0/libsrc/dmaps_v2_6/src'

Running Make libs in ps7_cortexa9_0/libsrc/xilrsa_v1_6/src

make -C ps7_cortexa9_0/libsrc/xilrsa_v1_6/src -s libs  "SHELL=/bin/sh" "COMPILER=arm-none-eabi-gcc" "ASSEMBLER=arm-none-eabi-as
" "ARCHIVER=arm-none-eabi-ar" "COMPILER_FLAGS=  -O2 -c" "EXTRA_COMPILER_FLAGS=-mcpu=cortex-a9 -mfpu=vfpv3 -mfloat-abi=hard -nos
tartfiles -g -Wall -Wextra"

make[2]: Entering directory '/home/salvador/salvador_fork/watchman-readout/FMC_TargetC_Prototype/vitis/6UVME_board/zynq_fsbl/zy
nq_fsbl_bsp/ps7_cortexa9_0/libsrc/xilrsa_v1_6/src'

make[2]: Leaving directory '/home/salvador/salvador_fork/watchman-readout/FMC_TargetC_Prototype/vitis/6UVME_board/zynq_fsbl/zyn
q_fsbl_bsp/ps7_cortexa9_0/libsrc/xilrsa_v1_6/src'

Running Make libs in ps7_cortexa9_0/libsrc/scutimer_v2_2/src

make -C ps7_cortexa9_0/libsrc/scutimer_v2_2/src -s libs  "SHELL=/bin/sh" "COMPILER=arm-none-eabi-gcc" "ASSEMBLER=arm-none-eabi-
as" "ARCHIVER=arm-none-eabi-ar" "COMPILER_FLAGS=  -O2 -c" "EXTRA_COMPILER_FLAGS=-mcpu=cortex-a9 -mfpu=vfpv3 -mfloat-abi=hard -n
ostartfiles -g -Wall -Wextra"

make[2]: Entering directory '/home/salvador/salvador_fork/watchman-readout/FMC_TargetC_Prototype/vitis/6UVME_board/zynq_fsbl/zy
nq_fsbl_bsp/ps7_cortexa9_0/libsrc/scutimer_v2_2/src'

Compiling scutimer

make[2]: Leaving directory '/home/salvador/salvador_fork/watchman-readout/FMC_TargetC_Prototype/vitis/6UVME_board/zynq_fsbl/zyn
q_fsbl_bsp/ps7_cortexa9_0/libsrc/scutimer_v2_2/src'

Running Make libs in ps7_cortexa9_0/libsrc/xadcps_v2_4/src

make -C ps7_cortexa9_0/libsrc/xadcps_v2_4/src -s libs  "SHELL=/bin/sh" "COMPILER=arm-none-eabi-gcc" "ASSEMBLER=arm-none-eabi-as
" "ARCHIVER=arm-none-eabi-ar" "COMPILER_FLAGS=  -O2 -c" "EXTRA_COMPILER_FLAGS=-mcpu=cortex-a9 -mfpu=vfpv3 -mfloat-abi=hard -nos
tartfiles -g -Wall -Wextra"

make[2]: Entering directory '/home/salvador/salvador_fork/watchman-readout/FMC_TargetC_Prototype/vitis/6UVME_board/zynq_fsbl/zy
nq_fsbl_bsp/ps7_cortexa9_0/libsrc/xadcps_v2_4/src'

Compiling xadcps

make[2]: Leaving directory '/home/salvador/salvador_fork/watchman-readout/FMC_TargetC_Prototype/vitis/6UVME_board/zynq_fsbl/zyn
q_fsbl_bsp/ps7_cortexa9_0/libsrc/xadcps_v2_4/src'

Running Make libs in ps7_cortexa9_0/libsrc/sdps_v3_9/src

make -C ps7_cortexa9_0/libsrc/sdps_v3_9/src -s libs  "SHELL=/bin/sh" "COMPILER=arm-none-eabi-gcc" "ASSEMBLER=arm-none-eabi-as" 
"ARCHIVER=arm-none-eabi-ar" "COMPILER_FLAGS=  -O2 -c" "EXTRA_COMPILER_FLAGS=-mcpu=cortex-a9 -mfpu=vfpv3 -mfloat-abi=hard -nosta
rtfiles -g -Wall -Wextra"

make[2]: Entering directory '/home/salvador/salvador_fork/watchman-readout/FMC_TargetC_Prototype/vitis/6UVME_board/zynq_fsbl/zy
nq_fsbl_bsp/ps7_cortexa9_0/libsrc/sdps_v3_9/src'

Compiling sdps

make[2]: Leaving directory '/home/salvador/salvador_fork/watchman-readout/FMC_TargetC_Prototype/vitis/6UVME_board/zynq_fsbl/zyn
q_fsbl_bsp/ps7_cortexa9_0/libsrc/sdps_v3_9/src'

Running Make libs in ps7_cortexa9_0/libsrc/ddrps_v1_1/src

make -C ps7_cortexa9_0/libsrc/ddrps_v1_1/src -s libs  "SHELL=/bin/sh" "COMPILER=arm-none-eabi-gcc" "ASSEMBLER=arm-none-eabi-as"
 "ARCHIVER=arm-none-eabi-ar" "COMPILER_FLAGS=  -O2 -c" "EXTRA_COMPILER_FLAGS=-mcpu=cortex-a9 -mfpu=vfpv3 -mfloat-abi=hard -nost
artfiles -g -Wall -Wextra"

make[2]: Entering directory '/home/salvador/salvador_fork/watchman-readout/FMC_TargetC_Prototype/vitis/6UVME_board/zynq_fsbl/zy
nq_fsbl_bsp/ps7_cortexa9_0/libsrc/ddrps_v1_1/src'

Compiling ddrps

make[2]: Leaving directory '/home/salvador/salvador_fork/watchman-readout/FMC_TargetC_Prototype/vitis/6UVME_board/zynq_fsbl/zyn
q_fsbl_bsp/ps7_cortexa9_0/libsrc/ddrps_v1_1/src'

Running Make libs in ps7_cortexa9_0/libsrc/uartps_v3_9/src

make -C ps7_cortexa9_0/libsrc/uartps_v3_9/src -s libs  "SHELL=/bin/sh" "COMPILER=arm-none-eabi-gcc" "ASSEMBLER=arm-none-eabi-as
" "ARCHIVER=arm-none-eabi-ar" "COMPILER_FLAGS=  -O2 -c" "EXTRA_COMPILER_FLAGS=-mcpu=cortex-a9 -mfpu=vfpv3 -mfloat-abi=hard -nos
tartfiles -g -Wall -Wextra"

make[2]: Entering directory '/home/salvador/salvador_fork/watchman-readout/FMC_TargetC_Prototype/vitis/6UVME_board/zynq_fsbl/zy
nq_fsbl_bsp/ps7_cortexa9_0/libsrc/uartps_v3_9/src'

Compiling uartps

make[2]: Leaving directory '/home/salvador/salvador_fork/watchman-readout/FMC_TargetC_Prototype/vitis/6UVME_board/zynq_fsbl/zyn
q_fsbl_bsp/ps7_cortexa9_0/libsrc/uartps_v3_9/src'

Running Make libs in ps7_cortexa9_0/libsrc/coresightps_dcc_v1_7/src

make -C ps7_cortexa9_0/libsrc/coresightps_dcc_v1_7/src -s libs  "SHELL=/bin/sh" "COMPILER=arm-none-eabi-gcc" "ASSEMBLER=arm-non
e-eabi-as" "ARCHIVER=arm-none-eabi-ar" "COMPILER_FLAGS=  -O2 -c" "EXTRA_COMPILER_FLAGS=-mcpu=cortex-a9 -mfpu=vfpv3 -mfloat-abi=
hard -nostartfiles -g -Wall -Wextra"

make[2]: Entering directory '/home/salvador/salvador_fork/watchman-readout/FMC_TargetC_Prototype/vitis/6UVME_board/zynq_fsbl/zy
nq_fsbl_bsp/ps7_cortexa9_0/libsrc/coresightps_dcc_v1_7/src'

Compiling coresightps_dcc

make[2]: Leaving directory '/home/salvador/salvador_fork/watchman-readout/FMC_TargetC_Prototype/vitis/6UVME_board/zynq_fsbl/zyn
q_fsbl_bsp/ps7_cortexa9_0/libsrc/coresightps_dcc_v1_7/src'

Running Make libs in ps7_cortexa9_0/libsrc/devcfg_v3_6/src

make -C ps7_cortexa9_0/libsrc/devcfg_v3_6/src -s libs  "SHELL=/bin/sh" "COMPILER=arm-none-eabi-gcc" "ASSEMBLER=arm-none-eabi-as
" "ARCHIVER=arm-none-eabi-ar" "COMPILER_FLAGS=  -O2 -c" "EXTRA_COMPILER_FLAGS=-mcpu=cortex-a9 -mfpu=vfpv3 -mfloat-abi=hard -nos
tartfiles -g -Wall -Wextra"

make[2]: Entering directory '/home/salvador/salvador_fork/watchman-readout/FMC_TargetC_Prototype/vitis/6UVME_board/zynq_fsbl/zy
nq_fsbl_bsp/ps7_cortexa9_0/libsrc/devcfg_v3_6/src'

Compiling devcfg

make[2]: Leaving directory '/home/salvador/salvador_fork/watchman-readout/FMC_TargetC_Prototype/vitis/6UVME_board/zynq_fsbl/zyn
q_fsbl_bsp/ps7_cortexa9_0/libsrc/devcfg_v3_6/src'

Running Make libs in ps7_cortexa9_0/libsrc/scugic_v4_2/src

make -C ps7_cortexa9_0/libsrc/scugic_v4_2/src -s libs  "SHELL=/bin/sh" "COMPILER=arm-none-eabi-gcc" "ASSEMBLER=arm-none-eabi-as
" "ARCHIVER=arm-none-eabi-ar" "COMPILER_FLAGS=  -O2 -c" "EXTRA_COMPILER_FLAGS=-mcpu=cortex-a9 -mfpu=vfpv3 -mfloat-abi=hard -nos
tartfiles -g -Wall -Wextra"

make[2]: Entering directory '/home/salvador/salvador_fork/watchman-readout/FMC_TargetC_Prototype/vitis/6UVME_board/zynq_fsbl/zy
nq_fsbl_bsp/ps7_cortexa9_0/libsrc/scugic_v4_2/src'

Compiling scugic

make[2]: Leaving directory '/home/salvador/salvador_fork/watchman-readout/FMC_TargetC_Prototype/vitis/6UVME_board/zynq_fsbl/zyn
q_fsbl_bsp/ps7_cortexa9_0/libsrc/scugic_v4_2/src'

Running Make libs in ps7_cortexa9_0/libsrc/qspips_v3_7/src

make -C ps7_cortexa9_0/libsrc/qspips_v3_7/src -s libs  "SHELL=/bin/sh" "COMPILER=arm-none-eabi-gcc" "ASSEMBLER=arm-none-eabi-as
" "ARCHIVER=arm-none-eabi-ar" "COMPILER_FLAGS=  -O2 -c" "EXTRA_COMPILER_FLAGS=-mcpu=cortex-a9 -mfpu=vfpv3 -mfloat-abi=hard -nos
tartfiles -g -Wall -Wextra"

make[2]: Entering directory '/home/salvador/salvador_fork/watchman-readout/FMC_TargetC_Prototype/vitis/6UVME_board/zynq_fsbl/zy
nq_fsbl_bsp/ps7_cortexa9_0/libsrc/qspips_v3_7/src'

Compiling qspips

make[2]: Leaving directory '/home/salvador/salvador_fork/watchman-readout/FMC_TargetC_Prototype/vitis/6UVME_board/zynq_fsbl/zyn
q_fsbl_bsp/ps7_cortexa9_0/libsrc/qspips_v3_7/src'

Running Make libs in ps7_cortexa9_0/libsrc/emacps_v3_11/src

make -C ps7_cortexa9_0/libsrc/emacps_v3_11/src -s libs  "SHELL=/bin/sh" "COMPILER=arm-none-eabi-gcc" "ASSEMBLER=arm-none-eabi-a
s" "ARCHIVER=arm-none-eabi-ar" "COMPILER_FLAGS=  -O2 -c" "EXTRA_COMPILER_FLAGS=-mcpu=cortex-a9 -mfpu=vfpv3 -mfloat-abi=hard -no
startfiles -g -Wall -Wextra"

make[2]: Entering directory '/home/salvador/salvador_fork/watchman-readout/FMC_TargetC_Prototype/vitis/6UVME_board/zynq_fsbl/zy
nq_fsbl_bsp/ps7_cortexa9_0/libsrc/emacps_v3_11/src'

Compiling emacps

make[2]: Leaving directory '/home/salvador/salvador_fork/watchman-readout/FMC_TargetC_Prototype/vitis/6UVME_board/zynq_fsbl/zyn
q_fsbl_bsp/ps7_cortexa9_0/libsrc/emacps_v3_11/src'

Running Make libs in ps7_cortexa9_0/libsrc/ttcps_v3_11/src

make -C ps7_cortexa9_0/libsrc/ttcps_v3_11/src -s libs  "SHELL=/bin/sh" "COMPILER=arm-none-eabi-gcc" "ASSEMBLER=arm-none-eabi-as
" "ARCHIVER=arm-none-eabi-ar" "COMPILER_FLAGS=  -O2 -c" "EXTRA_COMPILER_FLAGS=-mcpu=cortex-a9 -mfpu=vfpv3 -mfloat-abi=hard -nos
tartfiles -g -Wall -Wextra"

make[2]: Entering directory '/home/salvador/salvador_fork/watchman-readout/FMC_TargetC_Prototype/vitis/6UVME_board/zynq_fsbl/zy
nq_fsbl_bsp/ps7_cortexa9_0/libsrc/ttcps_v3_11/src'

Compiling ttcps

make[2]: Leaving directory '/home/salvador/salvador_fork/watchman-readout/FMC_TargetC_Prototype/vitis/6UVME_board/zynq_fsbl/zyn
q_fsbl_bsp/ps7_cortexa9_0/libsrc/ttcps_v3_11/src'

Finished building libraries

make[1]: Leaving directory '/home/salvador/salvador_fork/watchman-readout/FMC_TargetC_Prototype/vitis/6UVME_board/zynq_fsbl/zyn
q_fsbl_bsp'

arm-none-eabi-gcc -MMD -MP       -mcpu=cortex-a9 -mfpu=vfpv3 -mfloat-abi=hard   -O2 -c -c pcap.c -o pcap.o -Izynq_fsbl_bsp/ps7_
cortexa9_0/include -I.

In file included from pcap.c:78:
zynq_fsbl_bsp/ps7_cortexa9_0/include/xtime_l.h:65:9: note: #pragma message: For the sleep routines, Global timer is being used
   65 | #pragma message ("For the sleep routines, Global timer is being used")
      |         ^~~~~~~
arm-none-eabi-gcc -MMD -MP       -mcpu=cortex-a9 -mfpu=vfpv3 -mfloat-abi=hard   -O2 -c -c qspi.c -o qspi.o -Izynq_fsbl_bsp/ps7_
cortexa9_0/include -I.

arm-none-eabi-gcc -MMD -MP       -mcpu=cortex-a9 -mfpu=vfpv3 -mfloat-abi=hard   -O2 -c -c rsa.c -o rsa.o -Izynq_fsbl_bsp/ps7_co
rtexa9_0/include -I.

arm-none-eabi-gcc -MMD -MP       -mcpu=cortex-a9 -mfpu=vfpv3 -mfloat-abi=hard   -O2 -c -c nor.c -o nor.o -Izynq_fsbl_bsp/ps7_co
rtexa9_0/include -I.

arm-none-eabi-gcc -MMD -MP       -mcpu=cortex-a9 -mfpu=vfpv3 -mfloat-abi=hard   -O2 -c -c main.c -o main.o -Izynq_fsbl_bsp/ps7_
cortexa9_0/include -I.

In file included from main.c:115:
zynq_fsbl_bsp/ps7_cortexa9_0/include/xtime_l.h:65:9: note: #pragma message: For the sleep routines, Global timer is being used
   65 | #pragma message ("For the sleep routines, Global timer is being used")
      |         ^~~~~~~
arm-none-eabi-gcc -MMD -MP       -mcpu=cortex-a9 -mfpu=vfpv3 -mfloat-abi=hard   -O2 -c -c md5.c -o md5.o -Izynq_fsbl_bsp/ps7_co
rtexa9_0/include -I.

arm-none-eabi-gcc -MMD -MP       -mcpu=cortex-a9 -mfpu=vfpv3 -mfloat-abi=hard   -O2 -c -c image_mover.c -o image_mover.o -Izynq
_fsbl_bsp/ps7_cortexa9_0/include -I.

arm-none-eabi-gcc -MMD -MP       -mcpu=cortex-a9 -mfpu=vfpv3 -mfloat-abi=hard   -O2 -c -c ps7_init.c -o ps7_init.o -Izynq_fsbl_
bsp/ps7_cortexa9_0/include -I.

arm-none-eabi-gcc -MMD -MP       -mcpu=cortex-a9 -mfpu=vfpv3 -mfloat-abi=hard   -O2 -c -c nand.c -o nand.o -Izynq_fsbl_bsp/ps7_
cortexa9_0/include -I.

arm-none-eabi-gcc -MMD -MP       -mcpu=cortex-a9 -mfpu=vfpv3 -mfloat-abi=hard   -O2 -c -c fsbl_hooks.c -o fsbl_hooks.o -Izynq_f
sbl_bsp/ps7_cortexa9_0/include -I.

arm-none-eabi-gcc -MMD -MP       -mcpu=cortex-a9 -mfpu=vfpv3 -mfloat-abi=hard   -O2 -c -c sd.c -o sd.o -Izynq_fsbl_bsp/ps7_cort
exa9_0/include -I.

arm-none-eabi-gcc -MMD -MP       -mcpu=cortex-a9 -mfpu=vfpv3 -mfloat-abi=hard   -O2 -c -c fsbl_handoff.S -o fsbl_handoff.o -Izy
nq_fsbl_bsp/ps7_cortexa9_0/include -I.

arm-none-eabi-gcc -o executable.elf  pcap.o  qspi.o  rsa.o  nor.o  main.o  md5.o  image_mover.o  ps7_init.o  nand.o  fsbl_hooks
.o  sd.o  fsbl_handoff.o  -MMD -MP       -mcpu=cortex-a9 -mfpu=vfpv3 -mfloat-abi=hard   -mcpu=cortex-a9 -mfpu=vfpv3 -mfloat-abi
=hard -Wl,-build-id=none -specs=Xilinx.spec  -lrsa -Wl,--start-group,-lxil,-lgcc,-lc,--end-group -Wl,--start-group,-lxilffs,-lx
il,-lgcc,-lc,--end-group -Wl,--start-group,-lrsa,-lxil,-lgcc,-lc,--end-group                                     -Wl,--gc-secti
ons -Lzynq_fsbl_bsp/ps7_cortexa9_0/lib -L./ -Tlscript.ld

Building the BSP Library for domain  - standalone_domain on processor ps7_cortexa9_0
Running Make include in ps7_cortexa9_0/libsrc/axidma_v9_11/src

make -C ps7_cortexa9_0/libsrc/axidma_v9_11/src -s include  "SHELL=/bin/sh" "COMPILER=arm-none-eabi-gcc" "ASSEMBLER=arm-none-eab
i-as" "ARCHIVER=arm-none-eabi-ar" "COMPILER_FLAGS=  -O2 -c" "EXTRA_COMPILER_FLAGS=-mcpu=cortex-a9 -mfpu=vfpv3 -mfloat-abi=hard 
-nostartfiles -g -Wall -Wextra"

Running Make include in ps7_cortexa9_0/libsrc/cpu_cortexa9_v2_9/src

make -C ps7_cortexa9_0/libsrc/cpu_cortexa9_v2_9/src -s include  "SHELL=/bin/sh" "COMPILER=arm-none-eabi-gcc" "ASSEMBLER=arm-non
e-eabi-as" "ARCHIVER=arm-none-eabi-ar" "COMPILER_FLAGS=  -O2 -c" "EXTRA_COMPILER_FLAGS=-mcpu=cortex-a9 -mfpu=vfpv3 -mfloat-abi=
hard -nostartfiles -g -Wall -Wextra"

Running Make include in ps7_cortexa9_0/libsrc/xilffs_v4_3/src

make -C ps7_cortexa9_0/libsrc/xilffs_v4_3/src -s include  "SHELL=/bin/sh" "COMPILER=arm-none-eabi-gcc" "ASSEMBLER=arm-none-eabi
-as" "ARCHIVER=arm-none-eabi-ar" "COMPILER_FLAGS=  -O2 -c" "EXTRA_COMPILER_FLAGS=-mcpu=cortex-a9 -mfpu=vfpv3 -mfloat-abi=hard -
nostartfiles -g -Wall -Wextra"

Running Make include in ps7_cortexa9_0/libsrc/standalone_v7_2/src

make -C ps7_cortexa9_0/libsrc/standalone_v7_2/src -s include  "SHELL=/bin/sh" "COMPILER=arm-none-eabi-gcc" "ASSEMBLER=arm-none-
eabi-as" "ARCHIVER=arm-none-eabi-ar" "COMPILER_FLAGS=  -O2 -c" "EXTRA_COMPILER_FLAGS=-mcpu=cortex-a9 -mfpu=vfpv3 -mfloat-abi=ha
rd -nostartfiles -g -Wall -Wextra"

Running Make include in ps7_cortexa9_0/libsrc/iicps_v3_11/src

make -C ps7_cortexa9_0/libsrc/iicps_v3_11/src -s include  "SHELL=/bin/sh" "COMPILER=arm-none-eabi-gcc" "ASSEMBLER=arm-none-eabi
-as" "ARCHIVER=arm-none-eabi-ar" "COMPILER_FLAGS=  -O2 -c" "EXTRA_COMPILER_FLAGS=-mcpu=cortex-a9 -mfpu=vfpv3 -mfloat-abi=hard -
nostartfiles -g -Wall -Wextra"

Running Make include in ps7_cortexa9_0/libsrc/scuwdt_v2_2/src

make -C ps7_cortexa9_0/libsrc/scuwdt_v2_2/src -s include  "SHELL=/bin/sh" "COMPILER=arm-none-eabi-gcc" "ASSEMBLER=arm-none-eabi
-as" "ARCHIVER=arm-none-eabi-ar" "COMPILER_FLAGS=  -O2 -c" "EXTRA_COMPILER_FLAGS=-mcpu=cortex-a9 -mfpu=vfpv3 -mfloat-abi=hard -
nostartfiles -g -Wall -Wextra"

Running Make include in ps7_cortexa9_0/libsrc/dmaps_v2_6/src

make -C ps7_cortexa9_0/libsrc/dmaps_v2_6/src -s include  "SHELL=/bin/sh" "COMPILER=arm-none-eabi-gcc" "ASSEMBLER=arm-none-eabi-
as" "ARCHIVER=arm-none-eabi-ar" "COMPILER_FLAGS=  -O2 -c" "EXTRA_COMPILER_FLAGS=-mcpu=cortex-a9 -mfpu=vfpv3 -mfloat-abi=hard -n
ostartfiles -g -Wall -Wextra"

Running Make include in ps7_cortexa9_0/libsrc/scutimer_v2_2/src

make -C ps7_cortexa9_0/libsrc/scutimer_v2_2/src -s include  "SHELL=/bin/sh" "COMPILER=arm-none-eabi-gcc" "ASSEMBLER=arm-none-ea
bi-as" "ARCHIVER=arm-none-eabi-ar" "COMPILER_FLAGS=  -O2 -c" "EXTRA_COMPILER_FLAGS=-mcpu=cortex-a9 -mfpu=vfpv3 -mfloat-abi=hard
 -nostartfiles -g -Wall -Wextra"

Running Make include in ps7_cortexa9_0/libsrc/xadcps_v2_4/src

make -C ps7_cortexa9_0/libsrc/xadcps_v2_4/src -s include  "SHELL=/bin/sh" "COMPILER=arm-none-eabi-gcc" "ASSEMBLER=arm-none-eabi
-as" "ARCHIVER=arm-none-eabi-ar" "COMPILER_FLAGS=  -O2 -c" "EXTRA_COMPILER_FLAGS=-mcpu=cortex-a9 -mfpu=vfpv3 -mfloat-abi=hard -
nostartfiles -g -Wall -Wextra"

Running Make include in ps7_cortexa9_0/libsrc/sdps_v3_9/src

make -C ps7_cortexa9_0/libsrc/sdps_v3_9/src -s include  "SHELL=/bin/sh" "COMPILER=arm-none-eabi-gcc" "ASSEMBLER=arm-none-eabi-a
s" "ARCHIVER=arm-none-eabi-ar" "COMPILER_FLAGS=  -O2 -c" "EXTRA_COMPILER_FLAGS=-mcpu=cortex-a9 -mfpu=vfpv3 -mfloat-abi=hard -no
startfiles -g -Wall -Wextra"

Running Make include in ps7_cortexa9_0/libsrc/ddrps_v1_1/src

make -C ps7_cortexa9_0/libsrc/ddrps_v1_1/src -s include  "SHELL=/bin/sh" "COMPILER=arm-none-eabi-gcc" "ASSEMBLER=arm-none-eabi-
as" "ARCHIVER=arm-none-eabi-ar" "COMPILER_FLAGS=  -O2 -c" "EXTRA_COMPILER_FLAGS=-mcpu=cortex-a9 -mfpu=vfpv3 -mfloat-abi=hard -n
ostartfiles -g -Wall -Wextra"

Running Make include in ps7_cortexa9_0/libsrc/libmetal_v2_1/src

make -C ps7_cortexa9_0/libsrc/libmetal_v2_1/src -s include  "SHELL=/bin/sh" "COMPILER=arm-none-eabi-gcc" "ASSEMBLER=arm-none-ea
bi-as" "ARCHIVER=arm-none-eabi-ar" "COMPILER_FLAGS=  -O2 -c" "EXTRA_COMPILER_FLAGS=-mcpu=cortex-a9 -mfpu=vfpv3 -mfloat-abi=hard
 -nostartfiles -g -Wall -Wextra"

Running Make include in ps7_cortexa9_0/libsrc/uartps_v3_9/src

make -C ps7_cortexa9_0/libsrc/uartps_v3_9/src -s include  "SHELL=/bin/sh" "COMPILER=arm-none-eabi-gcc" "ASSEMBLER=arm-none-eabi
-as" "ARCHIVER=arm-none-eabi-ar" "COMPILER_FLAGS=  -O2 -c" "EXTRA_COMPILER_FLAGS=-mcpu=cortex-a9 -mfpu=vfpv3 -mfloat-abi=hard -
nostartfiles -g -Wall -Wextra"

Running Make include in ps7_cortexa9_0/libsrc/coresightps_dcc_v1_7/src

make -C ps7_cortexa9_0/libsrc/coresightps_dcc_v1_7/src -s include  "SHELL=/bin/sh" "COMPILER=arm-none-eabi-gcc" "ASSEMBLER=arm-
none-eabi-as" "ARCHIVER=arm-none-eabi-ar" "COMPILER_FLAGS=  -O2 -c" "EXTRA_COMPILER_FLAGS=-mcpu=cortex-a9 -mfpu=vfpv3 -mfloat-a
bi=hard -nostartfiles -g -Wall -Wextra"

Running Make include in ps7_cortexa9_0/libsrc/xilisf_v5_15/src

make -C ps7_cortexa9_0/libsrc/xilisf_v5_15/src -s include  "SHELL=/bin/sh" "COMPILER=arm-none-eabi-gcc" "ASSEMBLER=arm-none-eab
i-as" "ARCHIVER=arm-none-eabi-ar" "COMPILER_FLAGS=  -O2 -c" "EXTRA_COMPILER_FLAGS=-mcpu=cortex-a9 -mfpu=vfpv3 -mfloat-abi=hard 
-nostartfiles -g -Wall -Wextra"

Running Make include in ps7_cortexa9_0/libsrc/devcfg_v3_6/src

make -C ps7_cortexa9_0/libsrc/devcfg_v3_6/src -s include  "SHELL=/bin/sh" "COMPILER=arm-none-eabi-gcc" "ASSEMBLER=arm-none-eabi
-as" "ARCHIVER=arm-none-eabi-ar" "COMPILER_FLAGS=  -O2 -c" "EXTRA_COMPILER_FLAGS=-mcpu=cortex-a9 -mfpu=vfpv3 -mfloat-abi=hard -
nostartfiles -g -Wall -Wextra"

Running Make include in ps7_cortexa9_0/libsrc/scugic_v4_2/src

make -C ps7_cortexa9_0/libsrc/scugic_v4_2/src -s include  "SHELL=/bin/sh" "COMPILER=arm-none-eabi-gcc" "ASSEMBLER=arm-none-eabi
-as" "ARCHIVER=arm-none-eabi-ar" "COMPILER_FLAGS=  -O2 -c" "EXTRA_COMPILER_FLAGS=-mcpu=cortex-a9 -mfpu=vfpv3 -mfloat-abi=hard -
nostartfiles -g -Wall -Wextra"

Running Make include in ps7_cortexa9_0/libsrc/qspips_v3_7/src

make -C ps7_cortexa9_0/libsrc/qspips_v3_7/src -s include  "SHELL=/bin/sh" "COMPILER=arm-none-eabi-gcc" "ASSEMBLER=arm-none-eabi
-as" "ARCHIVER=arm-none-eabi-ar" "COMPILER_FLAGS=  -O2 -c" "EXTRA_COMPILER_FLAGS=-mcpu=cortex-a9 -mfpu=vfpv3 -mfloat-abi=hard -
nostartfiles -g -Wall -Wextra"

Running Make include in ps7_cortexa9_0/libsrc/emacps_v3_11/src

make -C ps7_cortexa9_0/libsrc/emacps_v3_11/src -s include  "SHELL=/bin/sh" "COMPILER=arm-none-eabi-gcc" "ASSEMBLER=arm-none-eab
i-as" "ARCHIVER=arm-none-eabi-ar" "COMPILER_FLAGS=  -O2 -c" "EXTRA_COMPILER_FLAGS=-mcpu=cortex-a9 -mfpu=vfpv3 -mfloat-abi=hard 
-nostartfiles -g -Wall -Wextra"

Running Make include in ps7_cortexa9_0/libsrc/ttcps_v3_11/src

make -C ps7_cortexa9_0/libsrc/ttcps_v3_11/src -s include  "SHELL=/bin/sh" "COMPILER=arm-none-eabi-gcc" "ASSEMBLER=arm-none-eabi
-as" "ARCHIVER=arm-none-eabi-ar" "COMPILER_FLAGS=  -O2 -c" "EXTRA_COMPILER_FLAGS=-mcpu=cortex-a9 -mfpu=vfpv3 -mfloat-abi=hard -
nostartfiles -g -Wall -Wextra"

Running Make include in ps7_cortexa9_0/libsrc/lwip211_v1_2/src

make -C ps7_cortexa9_0/libsrc/lwip211_v1_2/src -s include  "SHELL=/bin/sh" "COMPILER=arm-none-eabi-gcc" "ASSEMBLER=arm-none-eab
i-as" "ARCHIVER=arm-none-eabi-ar" "COMPILER_FLAGS=  -O2 -c" "EXTRA_COMPILER_FLAGS=-mcpu=cortex-a9 -mfpu=vfpv3 -mfloat-abi=hard 
-nostartfiles -g -Wall -Wextra"

Running Make libs in ps7_cortexa9_0/libsrc/axidma_v9_11/src

make -C ps7_cortexa9_0/libsrc/axidma_v9_11/src -s libs  "SHELL=/bin/sh" "COMPILER=arm-none-eabi-gcc" "ASSEMBLER=arm-none-eabi-a
s" "ARCHIVER=arm-none-eabi-ar" "COMPILER_FLAGS=  -O2 -c" "EXTRA_COMPILER_FLAGS=-mcpu=cortex-a9 -mfpu=vfpv3 -mfloat-abi=hard -no
startfiles -g -Wall -Wextra"

Compiling axidma

/tools/Xilinx/Vitis/2020.1/gnu/aarch32/lin/gcc-arm-none-eabi/bin/../x86_64-oesdk-linux/usr/bin/arm-xilinx-eabi/arm-xilinx-eabi-ar.real: creating ../../../lib/libxil.a
Running Make libs in ps7_cortexa9_0/libsrc/cpu_cortexa9_v2_9/src

make -C ps7_cortexa9_0/libsrc/cpu_cortexa9_v2_9/src -s libs  "SHELL=/bin/sh" "COMPILER=arm-none-eabi-gcc" "ASSEMBLER=arm-none-e
abi-as" "ARCHIVER=arm-none-eabi-ar" "COMPILER_FLAGS=  -O2 -c" "EXTRA_COMPILER_FLAGS=-mcpu=cortex-a9 -mfpu=vfpv3 -mfloat-abi=har
d -nostartfiles -g -Wall -Wextra"

Compiling cpu_cortexa9

Running Make libs in ps7_cortexa9_0/libsrc/xilffs_v4_3/src

make -C ps7_cortexa9_0/libsrc/xilffs_v4_3/src -s libs  "SHELL=/bin/sh" "COMPILER=arm-none-eabi-gcc" "ASSEMBLER=arm-none-eabi-as
" "ARCHIVER=arm-none-eabi-ar" "COMPILER_FLAGS=  -O2 -c" "EXTRA_COMPILER_FLAGS=-mcpu=cortex-a9 -mfpu=vfpv3 -mfloat-abi=hard -nos
tartfiles -g -Wall -Wextra"

Compiling XilFFs Library

Running Make libs in ps7_cortexa9_0/libsrc/standalone_v7_2/src

make -C ps7_cortexa9_0/libsrc/standalone_v7_2/src -s libs  "SHELL=/bin/sh" "COMPILER=arm-none-eabi-gcc" "ASSEMBLER=arm-none-eab
i-as" "ARCHIVER=arm-none-eabi-ar" "COMPILER_FLAGS=  -O2 -c" "EXTRA_COMPILER_FLAGS=-mcpu=cortex-a9 -mfpu=vfpv3 -mfloat-abi=hard 
-nostartfiles -g -Wall -Wextra"

Compiling standalone

In file included from sleep.c:31:
xtime_l.h:65:9: note: #pragma message: For the sleep routines, Global timer is being used
   65 | #pragma message ("For the sleep routines, Global timer is being used")
      |         ^~~~~~~
In file included from xtime_l.c:27:
xtime_l.h:65:9: note: #pragma message: For the sleep routines, Global timer is being used
   65 | #pragma message ("For the sleep routines, Global timer is being used")
      |         ^~~~~~~
In file included from xil_sleeptimer.c:32:
xtime_l.h:65:9: note: #pragma message: For the sleep routines, Global timer is being used
   65 | #pragma message ("For the sleep routines, Global timer is being used")
      |         ^~~~~~~
In file included from usleep.c:34:
xtime_l.h:65:9: note: #pragma message: For the sleep routines, Global timer is being used
   65 | #pragma message ("For the sleep routines, Global timer is being used")
      |         ^~~~~~~
Running Make libs in ps7_cortexa9_0/libsrc/iicps_v3_11/src

make -C ps7_cortexa9_0/libsrc/iicps_v3_11/src -s libs  "SHELL=/bin/sh" "COMPILER=arm-none-eabi-gcc" "ASSEMBLER=arm-none-eabi-as
" "ARCHIVER=arm-none-eabi-ar" "COMPILER_FLAGS=  -O2 -c" "EXTRA_COMPILER_FLAGS=-mcpu=cortex-a9 -mfpu=vfpv3 -mfloat-abi=hard -nos
tartfiles -g -Wall -Wextra"

Compiling iicps

Running Make libs in ps7_cortexa9_0/libsrc/scuwdt_v2_2/src

make -C ps7_cortexa9_0/libsrc/scuwdt_v2_2/src -s libs  "SHELL=/bin/sh" "COMPILER=arm-none-eabi-gcc" "ASSEMBLER=arm-none-eabi-as
" "ARCHIVER=arm-none-eabi-ar" "COMPILER_FLAGS=  -O2 -c" "EXTRA_COMPILER_FLAGS=-mcpu=cortex-a9 -mfpu=vfpv3 -mfloat-abi=hard -nos
tartfiles -g -Wall -Wextra"

Compiling scuwdt

Running Make libs in ps7_cortexa9_0/libsrc/dmaps_v2_6/src

make -C ps7_cortexa9_0/libsrc/dmaps_v2_6/src -s libs  "SHELL=/bin/sh" "COMPILER=arm-none-eabi-gcc" "ASSEMBLER=arm-none-eabi-as"
 "ARCHIVER=arm-none-eabi-ar" "COMPILER_FLAGS=  -O2 -c" "EXTRA_COMPILER_FLAGS=-mcpu=cortex-a9 -mfpu=vfpv3 -mfloat-abi=hard -nost
artfiles -g -Wall -Wextra"

Compiling dmaps

Running Make libs in ps7_cortexa9_0/libsrc/scutimer_v2_2/src

make -C ps7_cortexa9_0/libsrc/scutimer_v2_2/src -s libs  "SHELL=/bin/sh" "COMPILER=arm-none-eabi-gcc" "ASSEMBLER=arm-none-eabi-
as" "ARCHIVER=arm-none-eabi-ar" "COMPILER_FLAGS=  -O2 -c" "EXTRA_COMPILER_FLAGS=-mcpu=cortex-a9 -mfpu=vfpv3 -mfloat-abi=hard -n
ostartfiles -g -Wall -Wextra"

Compiling scutimer

Running Make libs in ps7_cortexa9_0/libsrc/xadcps_v2_4/src

make -C ps7_cortexa9_0/libsrc/xadcps_v2_4/src -s libs  "SHELL=/bin/sh" "COMPILER=arm-none-eabi-gcc" "ASSEMBLER=arm-none-eabi-as
" "ARCHIVER=arm-none-eabi-ar" "COMPILER_FLAGS=  -O2 -c" "EXTRA_COMPILER_FLAGS=-mcpu=cortex-a9 -mfpu=vfpv3 -mfloat-abi=hard -nos
tartfiles -g -Wall -Wextra"

Compiling xadcps

Running Make libs in ps7_cortexa9_0/libsrc/sdps_v3_9/src

make -C ps7_cortexa9_0/libsrc/sdps_v3_9/src -s libs  "SHELL=/bin/sh" "COMPILER=arm-none-eabi-gcc" "ASSEMBLER=arm-none-eabi-as" 
"ARCHIVER=arm-none-eabi-ar" "COMPILER_FLAGS=  -O2 -c" "EXTRA_COMPILER_FLAGS=-mcpu=cortex-a9 -mfpu=vfpv3 -mfloat-abi=hard -nosta
rtfiles -g -Wall -Wextra"

Compiling sdps

Running Make libs in ps7_cortexa9_0/libsrc/ddrps_v1_1/src

make -C ps7_cortexa9_0/libsrc/ddrps_v1_1/src -s libs  "SHELL=/bin/sh" "COMPILER=arm-none-eabi-gcc" "ASSEMBLER=arm-none-eabi-as"
 "ARCHIVER=arm-none-eabi-ar" "COMPILER_FLAGS=  -O2 -c" "EXTRA_COMPILER_FLAGS=-mcpu=cortex-a9 -mfpu=vfpv3 -mfloat-abi=hard -nost
artfiles -g -Wall -Wextra"

Compiling ddrps

Running Make libs in ps7_cortexa9_0/libsrc/libmetal_v2_1/src

make -C ps7_cortexa9_0/libsrc/libmetal_v2_1/src -s libs  "SHELL=/bin/sh" "COMPILER=arm-none-eabi-gcc" "ASSEMBLER=arm-none-eabi-
as" "ARCHIVER=arm-none-eabi-ar" "COMPILER_FLAGS=  -O2 -c" "EXTRA_COMPILER_FLAGS=-mcpu=cortex-a9 -mfpu=vfpv3 -mfloat-abi=hard -n
ostartfiles -g -Wall -Wextra"

Scanning dependencies of target metal-static

[  5%] Building C object lib/CMakeFiles/metal-static.dir/dma.c.obj

[ 10%] Building C object lib/CMakeFiles/metal-static.dir/device.c.obj

[ 15%] Building C object lib/CMakeFiles/metal-static.dir/init.c.obj

[ 21%] Building C object lib/CMakeFiles/metal-static.dir/io.c.obj

[ 26%] Building C object lib/CMakeFiles/metal-static.dir/irq.c.obj

[ 31%] Building C object lib/CMakeFiles/metal-static.dir/log.c.obj

[ 36%] Building C object lib/CMakeFiles/metal-static.dir/shmem.c.obj

[ 42%] Building C object lib/CMakeFiles/metal-static.dir/shmem-provider.c.obj

[ 47%] Building C object lib/CMakeFiles/metal-static.dir/softirq.c.obj

[ 52%] Building C object lib/CMakeFiles/metal-static.dir/version.c.obj

[ 57%] Building C object lib/CMakeFiles/metal-static.dir/system/generic/condition.c.obj

[ 63%] Building C object lib/CMakeFiles/metal-static.dir/system/generic/device.c.obj

[ 68%] Building C object lib/CMakeFiles/metal-static.dir/system/generic/init.c.obj

[ 73%] Building C object lib/CMakeFiles/metal-static.dir/system/generic/io.c.obj

[ 78%] Building C object lib/CMakeFiles/metal-static.dir/system/generic/irq.c.obj

[ 84%] Building C object lib/CMakeFiles/metal-static.dir/system/generic/time.c.obj

[ 89%] Building C object lib/CMakeFiles/metal-static.dir/system/generic/zynq7/sys.c.obj

[ 94%] Building C object lib/CMakeFiles/metal-static.dir/system/generic/xlnx_common/irq.c.obj

[100%] Linking C static library libmetal.a

/tools/Xilinx/Vitis/2020.1/gnu/aarch32/lin/gcc-arm-none-eabi/bin/arm-none-eabi-ar cq libmetal.a  CMakeFiles/metal-static.dir/dm
a.c.obj CMakeFiles/metal-static.dir/device.c.obj CMakeFiles/metal-static.dir/init.c.obj CMakeFiles/metal-static.dir/io.c.obj CM
akeFiles/metal-static.dir/irq.c.obj CMakeFiles/metal-static.dir/log.c.obj CMakeFiles/metal-static.dir/shmem.c.obj CMakeFiles/me
tal-static.dir/shmem-provider.c.obj CMakeFiles/metal-static.dir/softirq.c.obj CMakeFiles/metal-static.dir/version.c.obj CMakeFi
les/metal-static.dir/system/generic/condition.c.obj CMakeFiles/metal-static.dir/system/generic/device.c.obj CMakeFiles/metal-st
atic.dir/system/generic/init.c.obj CMakeFiles/metal-static.dir/system/generic/io.c.obj CMakeFiles/metal-static.dir/system/gener
ic/irq.c.obj CMakeFiles/metal-static.dir/system/generic/time.c.obj CMakeFiles/metal-static.dir/system/generic/zynq7/sys.c.obj C
MakeFiles/metal-static.dir/system/generic/xlnx_common/irq.c.obj

/tools/Xilinx/Vitis/2020.1/gnu/aarch32/lin/gcc-arm-none-eabi/bin/arm-none-eabi-ranlib libmetal.a

[100%] Built target metal-static

Install the project...

-- Install configuration: "Debug"

-- Installing: ../../../include/metal/alloc.h

-- Installing: ../../../include/metal/assert.h

-- Installing: ../../../include/metal/atomic.h

-- Installing: ../../../include/metal/cache.h

-- Installing: ../../../include/metal/compiler.h

-- Installing: ../../../include/metal/condition.h

-- Installing: ../../../include/metal/config.h

-- Installing: ../../../include/metal/cpu.h

-- Installing: ../../../include/metal/device.h

-- Installing: ../../../include/metal/dma.h

-- Installing: ../../../include/metal/io.h

-- Installing: ../../../include/metal/irq.h

-- Installing: ../../../include/metal/irq_controller.h

-- Installing: ../../../include/metal/list.h

-- Installing: ../../../include/metal/log.h

-- Installing: ../../../include/metal/mutex.h

-- Installing: ../../../include/metal/scatterlist.h

-- Installing: ../../../include/metal/shmem.h

-- Installing: ../../../include/metal/shmem-provider.h

-- Installing: ../../../include/metal/sleep.h

-- Installing: ../../../include/metal/softirq.h

-- Installing: ../../../include/metal/spinlock.h

-- Installing: ../../../include/metal/sys.h

-- Installing: ../../../include/metal/time.h

-- Installing: ../../../include/metal/utilities.h

-- Installing: ../../../include/metal/version.h

-- Installing: ../../../include/metal/compiler/gcc/atomic.h

-- Installing: ../../../include/metal/compiler/gcc/compiler.h

-- Installing: ../../../include/metal/compiler/iar/compiler.h

-- Installing: ../../../include/metal/processor/arm/atomic.h

-- Installing: ../../../include/metal/processor/arm/cpu.h

-- Installing: ../../../include/metal/system/generic/alloc.h

-- Installing: ../../../include/metal/system/generic/assert.h

-- Installing: ../../../include/metal/system/generic/cache.h

-- Installing: ../../../include/metal/system/generic/condition.h

-- Installing: ../../../include/metal/system/generic/io.h

-- Installing: ../../../include/metal/system/generic/irq.h

-- Installing: ../../../include/metal/system/generic/log.h

-- Installing: ../../../include/metal/system/generic/mutex.h

-- Installing: ../../../include/metal/system/generic/sleep.h

-- Installing: ../../../include/metal/system/generic/sys.h

-- Installing: ../../../include/metal/system/generic/zynq7/sys.h

-- Installing: ../../../include/metal/system/generic/xlnx_common/sys.h

-- Installing: ../../../lib/libmetal.a

Running Make libs in ps7_cortexa9_0/libsrc/uartps_v3_9/src

make -C ps7_cortexa9_0/libsrc/uartps_v3_9/src -s libs  "SHELL=/bin/sh" "COMPILER=arm-none-eabi-gcc" "ASSEMBLER=arm-none-eabi-as
" "ARCHIVER=arm-none-eabi-ar" "COMPILER_FLAGS=  -O2 -c" "EXTRA_COMPILER_FLAGS=-mcpu=cortex-a9 -mfpu=vfpv3 -mfloat-abi=hard -nos
tartfiles -g -Wall -Wextra"

Compiling uartps

Running Make libs in ps7_cortexa9_0/libsrc/coresightps_dcc_v1_7/src

make -C ps7_cortexa9_0/libsrc/coresightps_dcc_v1_7/src -s libs  "SHELL=/bin/sh" "COMPILER=arm-none-eabi-gcc" "ASSEMBLER=arm-non
e-eabi-as" "ARCHIVER=arm-none-eabi-ar" "COMPILER_FLAGS=  -O2 -c" "EXTRA_COMPILER_FLAGS=-mcpu=cortex-a9 -mfpu=vfpv3 -mfloat-abi=
hard -nostartfiles -g -Wall -Wextra"

Compiling coresightps_dcc

Running Make libs in ps7_cortexa9_0/libsrc/xilisf_v5_15/src

make -C ps7_cortexa9_0/libsrc/xilisf_v5_15/src -s libs  "SHELL=/bin/sh" "COMPILER=arm-none-eabi-gcc" "ASSEMBLER=arm-none-eabi-a
s" "ARCHIVER=arm-none-eabi-ar" "COMPILER_FLAGS=  -O2 -c" "EXTRA_COMPILER_FLAGS=-mcpu=cortex-a9 -mfpu=vfpv3 -mfloat-abi=hard -no
startfiles -g -Wall -Wextra"

Compiling XilIsf Library



WARNING: Xilisf library is being deprecated from 2020.1 release. It will be made obsolete in 2021.1 release.

please use driver examples instead.



xilisf.c: In function 'XIsf_WriteEnable':
xilisf.c:1308:6: warning: unused variable 'NULLPtr' [-Wunused-variable]
 1308 |  u8 *NULLPtr = NULL;
      |      ^~~~~~~
xilisf.c:1307:5: warning: unused variable 'WriteEnableBuf' [-Wunused-variable]
 1307 |  u8 WriteEnableBuf[1] = {0};
      |     ^~~~~~~~~~~~~~
xilisf.c:1306:5: warning: unused variable 'Mode' [-Wunused-variable]
 1306 |  u8 Mode;
      |     ^~~~
xilisf.c:1303:28: warning: unused parameter 'InstancePtr' [-Wunused-parameter]
 1303 | int XIsf_WriteEnable(XIsf *InstancePtr, u8 WriteEnable)
      |                      ~~~~~~^~~~~~~~~~~
xilisf.c:1303:44: warning: unused parameter 'WriteEnable' [-Wunused-parameter]
 1303 | int XIsf_WriteEnable(XIsf *InstancePtr, u8 WriteEnable)
      |                                         ~~~^~~~~~~~~~~
xilisf.c: In function 'XIsf_Ioctl':
xilisf.c:1425:6: warning: unused variable 'NULLPtr' [-Wunused-variable]
 1425 |  u8 *NULLPtr = NULL;
      |      ^~~~~~~
xilisf.c:1424:5: warning: unused variable 'Mode' [-Wunused-variable]
 1424 |  u8 Mode;
      |     ^~~~
xilisf.c:1421:22: warning: unused parameter 'InstancePtr' [-Wunused-parameter]
 1421 | int XIsf_Ioctl(XIsf *InstancePtr, XIsf_IoctlOperation Operation)
      |                ~~~~~~^~~~~~~~~~~
xilisf.c:1421:55: warning: unused parameter 'Operation' [-Wunused-parameter]
 1421 | int XIsf_Ioctl(XIsf *InstancePtr, XIsf_IoctlOperation Operation)
      |                                   ~~~~~~~~~~~~~~~~~~~~^~~~~~~~~
xilisf.c: In function 'GetRealAddr':
xilisf.c:2843:4: error: 'SpaMicWinDevices' undeclared (first use in this function)
 2843 |    SpaMicWinDevices[XIsf_FCTIndex].FlashDeviceSize) {
      |    ^~~~~~~~~~~~~~~~
xilisf.c:2843:4: note: each undeclared identifier is reported only once for each function it appears in
make[1]: *** [xilisf.o] Error 1
Makefile:59: recipe for target 'xilisf.o' failed

Makefile:29: recipe for target 'ps7_cortexa9_0/libsrc/xilisf_v5_15/src/make.libs' failed

make: *** [ps7_cortexa9_0/libsrc/xilisf_v5_15/src/make.libs] Error 2
Failed to generate the platform.
Failed to build  the bsp sources for domain - standalone_domain
Reason: Failed to build  the bsp sources for domain - standalone_domain
    invoked from within
"::tcf::eval -progress {apply {{msg} {puts $msg}}} {tcf_send_command tcfchan#0 xsdb eval s es {{platform active 6UVME_board; platform generate  -domains standalone_domain,zynq_fsbl}}}"
    (procedure "::tcf::send_command" line 4)
    invoked from within
"tcf send_command $::xsdb::curchan xsdb eval s es [list "platform active $PLATFORM_NAME; platform generate $target"]"
    invoked from within
"if { $iswindows == 1 } {    

    set XSDB_PORT [lindex $argv 0]
    set PLATFORM_NAME [lindex $argv 1]
    set arglen [llength $argv]
    set lastind..."
    (file "/tools/Xilinx/Vitis/2020.1/scripts/vitis/util/buildplatform.tcl" line 11)

16:11:53 Build Finished (took 30s.771ms)

