15:12:22 **** Incremental Build of configuration Debug for project 6UVME ****
make all 
make --no-print-directory pre-build
a9-linaro-pre-build-step
 
make --no-print-directory main-build
Building file: /home/salvador/salvador_fork/watchman-readout/FMC_TargetC_Prototype/sdk/watchman_final/src/GM_SubLibrary.c
Invoking: ARM v7 gcc compiler
arm-none-eabi-gcc -Wall -O0 -g3 -c -fmessage-length=0 -MT"src/GM_SubLibrary.o" -mcpu=cortex-a9 -mfpu=vfpv3 -mfloat-abi=hard -I/home/salvador/salvador_fork/watchman-readout/FMC_TargetC_Prototype/vitis/base_zynq_wrapper/export/base_zynq_wrapper/sw/base_zynq_wrapper/domain_ps7_cortexa9_0/bspinclude/include -MMD -MP -MF"src/GM_SubLibrary.d" -MT"src/GM_SubLibrary.o" -o "src/GM_SubLibrary.o" "/home/salvador/salvador_fork/watchman-readout/FMC_TargetC_Prototype/sdk/watchman_final/src/GM_SubLibrary.c"
Finished building: /home/salvador/salvador_fork/watchman-readout/FMC_TargetC_Prototype/sdk/watchman_final/src/GM_SubLibrary.c
 
Building file: /home/salvador/salvador_fork/watchman-readout/FMC_TargetC_Prototype/sdk/watchman_final/src/TARGETC_RegisterMap.c
Invoking: ARM v7 gcc compiler
arm-none-eabi-gcc -Wall -O0 -g3 -c -fmessage-length=0 -MT"src/TARGETC_RegisterMap.o" -mcpu=cortex-a9 -mfpu=vfpv3 -mfloat-abi=hard -I/home/salvador/salvador_fork/watchman-readout/FMC_TargetC_Prototype/vitis/base_zynq_wrapper/export/base_zynq_wrapper/sw/base_zynq_wrapper/domain_ps7_cortexa9_0/bspinclude/include -MMD -MP -MF"src/TARGETC_RegisterMap.d" -MT"src/TARGETC_RegisterMap.o" -o "src/TARGETC_RegisterMap.o" "/home/salvador/salvador_fork/watchman-readout/FMC_TargetC_Prototype/sdk/watchman_final/src/TARGETC_RegisterMap.c"
In file included from /home/salvador/salvador_fork/watchman-readout/FMC_TargetC_Prototype/sdk/watchman_final/src/time_hm.h:12,
                 from /home/salvador/salvador_fork/watchman-readout/FMC_TargetC_Prototype/sdk/watchman_final/src/udp_peripheral.h:16,
                 from /home/salvador/salvador_fork/watchman-readout/FMC_TargetC_Prototype/sdk/watchman_final/src/interrupt.h:25,
                 from /home/salvador/salvador_fork/watchman-readout/FMC_TargetC_Prototype/sdk/watchman_final/src/axis_peripheral.h:18,
                 from /home/salvador/salvador_fork/watchman-readout/FMC_TargetC_Prototype/sdk/watchman_final/src/global.h:14,
                 from /home/salvador/salvador_fork/watchman-readout/FMC_TargetC_Prototype/sdk/watchman_final/src/TARGETC_RegisterMap.h:13,
                 from /home/salvador/salvador_fork/watchman-readout/FMC_TargetC_Prototype/sdk/watchman_final/src/TARGETC_RegisterMap.c:8:
/home/salvador/salvador_fork/watchman-readout/FMC_TargetC_Prototype/vitis/base_zynq_wrapper/export/base_zynq_wrapper/sw/base_zynq_wrapper/domain_ps7_cortexa9_0/bspinclude/include/xtime_l.h:65:9: note: #pragma message: For the sleep routines, Global timer is being used
   65 | #pragma message ("For the sleep routines, Global timer is being used")
      |         ^~~~~~~
Finished building: /home/salvador/salvador_fork/watchman-readout/FMC_TargetC_Prototype/sdk/watchman_final/src/TARGETC_RegisterMap.c
 
Building file: /home/salvador/salvador_fork/watchman-readout/FMC_TargetC_Prototype/sdk/watchman_final/src/axis_peripheral.c
Invoking: ARM v7 gcc compiler
arm-none-eabi-gcc -Wall -O0 -g3 -c -fmessage-length=0 -MT"src/axis_peripheral.o" -mcpu=cortex-a9 -mfpu=vfpv3 -mfloat-abi=hard -I/home/salvador/salvador_fork/watchman-readout/FMC_TargetC_Prototype/vitis/base_zynq_wrapper/export/base_zynq_wrapper/sw/base_zynq_wrapper/domain_ps7_cortexa9_0/bspinclude/include -MMD -MP -MF"src/axis_peripheral.d" -MT"src/axis_peripheral.o" -o "src/axis_peripheral.o" "/home/salvador/salvador_fork/watchman-readout/FMC_TargetC_Prototype/sdk/watchman_final/src/axis_peripheral.c"
In file included from /home/salvador/salvador_fork/watchman-readout/FMC_TargetC_Prototype/sdk/watchman_final/src/time_hm.h:12,
                 from /home/salvador/salvador_fork/watchman-readout/FMC_TargetC_Prototype/sdk/watchman_final/src/udp_peripheral.h:16,
                 from /home/salvador/salvador_fork/watchman-readout/FMC_TargetC_Prototype/sdk/watchman_final/src/interrupt.h:25,
                 from /home/salvador/salvador_fork/watchman-readout/FMC_TargetC_Prototype/sdk/watchman_final/src/axis_peripheral.h:18,
                 from /home/salvador/salvador_fork/watchman-readout/FMC_TargetC_Prototype/sdk/watchman_final/src/axis_peripheral.c:8:
/home/salvador/salvador_fork/watchman-readout/FMC_TargetC_Prototype/vitis/base_zynq_wrapper/export/base_zynq_wrapper/sw/base_zynq_wrapper/domain_ps7_cortexa9_0/bspinclude/include/xtime_l.h:65:9: note: #pragma message: For the sleep routines, Global timer is being used
   65 | #pragma message ("For the sleep routines, Global timer is being used")
      |         ^~~~~~~
Finished building: /home/salvador/salvador_fork/watchman-readout/FMC_TargetC_Prototype/sdk/watchman_final/src/axis_peripheral.c
 
Building file: /home/salvador/salvador_fork/watchman-readout/FMC_TargetC_Prototype/sdk/watchman_final/src/data_analysis.c
Invoking: ARM v7 gcc compiler
arm-none-eabi-gcc -Wall -O0 -g3 -c -fmessage-length=0 -MT"src/data_analysis.o" -mcpu=cortex-a9 -mfpu=vfpv3 -mfloat-abi=hard -I/home/salvador/salvador_fork/watchman-readout/FMC_TargetC_Prototype/vitis/base_zynq_wrapper/export/base_zynq_wrapper/sw/base_zynq_wrapper/domain_ps7_cortexa9_0/bspinclude/include -MMD -MP -MF"src/data_analysis.d" -MT"src/data_analysis.o" -o "src/data_analysis.o" "/home/salvador/salvador_fork/watchman-readout/FMC_TargetC_Prototype/sdk/watchman_final/src/data_analysis.c"
In file included from /home/salvador/salvador_fork/watchman-readout/FMC_TargetC_Prototype/sdk/watchman_final/src/data_analysis.h:13,
                 from /home/salvador/salvador_fork/watchman-readout/FMC_TargetC_Prototype/sdk/watchman_final/src/data_analysis.c:8:
/home/salvador/salvador_fork/watchman-readout/FMC_TargetC_Prototype/vitis/base_zynq_wrapper/export/base_zynq_wrapper/sw/base_zynq_wrapper/domain_ps7_cortexa9_0/bspinclude/include/xtime_l.h:65:9: note: #pragma message: For the sleep routines, Global timer is being used
   65 | #pragma message ("For the sleep routines, Global timer is being used")
      |         ^~~~~~~
Finished building: /home/salvador/salvador_fork/watchman-readout/FMC_TargetC_Prototype/sdk/watchman_final/src/data_analysis.c
 
Building file: /home/salvador/salvador_fork/watchman-readout/FMC_TargetC_Prototype/sdk/watchman_final/src/data_test.c
Invoking: ARM v7 gcc compiler
arm-none-eabi-gcc -Wall -O0 -g3 -c -fmessage-length=0 -MT"src/data_test.o" -mcpu=cortex-a9 -mfpu=vfpv3 -mfloat-abi=hard -I/home/salvador/salvador_fork/watchman-readout/FMC_TargetC_Prototype/vitis/base_zynq_wrapper/export/base_zynq_wrapper/sw/base_zynq_wrapper/domain_ps7_cortexa9_0/bspinclude/include -MMD -MP -MF"src/data_test.d" -MT"src/data_test.o" -o "src/data_test.o" "/home/salvador/salvador_fork/watchman-readout/FMC_TargetC_Prototype/sdk/watchman_final/src/data_test.c"
Finished building: /home/salvador/salvador_fork/watchman-readout/FMC_TargetC_Prototype/sdk/watchman_final/src/data_test.c
 
Building file: /home/salvador/salvador_fork/watchman-readout/FMC_TargetC_Prototype/sdk/watchman_final/src/file_hm.c
Invoking: ARM v7 gcc compiler
arm-none-eabi-gcc -Wall -O0 -g3 -c -fmessage-length=0 -MT"src/file_hm.o" -mcpu=cortex-a9 -mfpu=vfpv3 -mfloat-abi=hard -I/home/salvador/salvador_fork/watchman-readout/FMC_TargetC_Prototype/vitis/base_zynq_wrapper/export/base_zynq_wrapper/sw/base_zynq_wrapper/domain_ps7_cortexa9_0/bspinclude/include -MMD -MP -MF"src/file_hm.d" -MT"src/file_hm.o" -o "src/file_hm.o" "/home/salvador/salvador_fork/watchman-readout/FMC_TargetC_Prototype/sdk/watchman_final/src/file_hm.c"
In file included from /home/salvador/salvador_fork/watchman-readout/FMC_TargetC_Prototype/sdk/watchman_final/src/time_hm.h:12,
                 from /home/salvador/salvador_fork/watchman-readout/FMC_TargetC_Prototype/sdk/watchman_final/src/file_hm.h:17,
                 from /home/salvador/salvador_fork/watchman-readout/FMC_TargetC_Prototype/sdk/watchman_final/src/file_hm.c:8:
/home/salvador/salvador_fork/watchman-readout/FMC_TargetC_Prototype/vitis/base_zynq_wrapper/export/base_zynq_wrapper/sw/base_zynq_wrapper/domain_ps7_cortexa9_0/bspinclude/include/xtime_l.h:65:9: note: #pragma message: For the sleep routines, Global timer is being used
   65 | #pragma message ("For the sleep routines, Global timer is being used")
      |         ^~~~~~~
Finished building: /home/salvador/salvador_fork/watchman-readout/FMC_TargetC_Prototype/sdk/watchman_final/src/file_hm.c
 
Building file: /home/salvador/salvador_fork/watchman-readout/FMC_TargetC_Prototype/sdk/watchman_final/src/get_15_windows.c
Invoking: ARM v7 gcc compiler
arm-none-eabi-gcc -Wall -O0 -g3 -c -fmessage-length=0 -MT"src/get_15_windows.o" -mcpu=cortex-a9 -mfpu=vfpv3 -mfloat-abi=hard -I/home/salvador/salvador_fork/watchman-readout/FMC_TargetC_Prototype/vitis/base_zynq_wrapper/export/base_zynq_wrapper/sw/base_zynq_wrapper/domain_ps7_cortexa9_0/bspinclude/include -MMD -MP -MF"src/get_15_windows.d" -MT"src/get_15_windows.o" -o "src/get_15_windows.o" "/home/salvador/salvador_fork/watchman-readout/FMC_TargetC_Prototype/sdk/watchman_final/src/get_15_windows.c"
In file included from /home/salvador/salvador_fork/watchman-readout/FMC_TargetC_Prototype/sdk/watchman_final/src/data_analysis.h:13,
                 from /home/salvador/salvador_fork/watchman-readout/FMC_TargetC_Prototype/sdk/watchman_final/src/get_15_windows.h:12,
                 from /home/salvador/salvador_fork/watchman-readout/FMC_TargetC_Prototype/sdk/watchman_final/src/get_15_windows.c:9:
/home/salvador/salvador_fork/watchman-readout/FMC_TargetC_Prototype/vitis/base_zynq_wrapper/export/base_zynq_wrapper/sw/base_zynq_wrapper/domain_ps7_cortexa9_0/bspinclude/include/xtime_l.h:65:9: note: #pragma message: For the sleep routines, Global timer is being used
   65 | #pragma message ("For the sleep routines, Global timer is being used")
      |         ^~~~~~~
Finished building: /home/salvador/salvador_fork/watchman-readout/FMC_TargetC_Prototype/sdk/watchman_final/src/get_15_windows.c
 
Building file: /home/salvador/salvador_fork/watchman-readout/FMC_TargetC_Prototype/sdk/watchman_final/src/get_transfer_fct.c
Invoking: ARM v7 gcc compiler
arm-none-eabi-gcc -Wall -O0 -g3 -c -fmessage-length=0 -MT"src/get_transfer_fct.o" -mcpu=cortex-a9 -mfpu=vfpv3 -mfloat-abi=hard -I/home/salvador/salvador_fork/watchman-readout/FMC_TargetC_Prototype/vitis/base_zynq_wrapper/export/base_zynq_wrapper/sw/base_zynq_wrapper/domain_ps7_cortexa9_0/bspinclude/include -MMD -MP -MF"src/get_transfer_fct.d" -MT"src/get_transfer_fct.o" -o "src/get_transfer_fct.o" "/home/salvador/salvador_fork/watchman-readout/FMC_TargetC_Prototype/sdk/watchman_final/src/get_transfer_fct.c"
In file included from /home/salvador/salvador_fork/watchman-readout/FMC_TargetC_Prototype/sdk/watchman_final/src/data_analysis.h:13,
                 from /home/salvador/salvador_fork/watchman-readout/FMC_TargetC_Prototype/sdk/watchman_final/src/get_transfer_fct.h:12,
                 from /home/salvador/salvador_fork/watchman-readout/FMC_TargetC_Prototype/sdk/watchman_final/src/get_transfer_fct.c:8:
/home/salvador/salvador_fork/watchman-readout/FMC_TargetC_Prototype/vitis/base_zynq_wrapper/export/base_zynq_wrapper/sw/base_zynq_wrapper/domain_ps7_cortexa9_0/bspinclude/include/xtime_l.h:65:9: note: #pragma message: For the sleep routines, Global timer is being used
   65 | #pragma message ("For the sleep routines, Global timer is being used")
      |         ^~~~~~~
Finished building: /home/salvador/salvador_fork/watchman-readout/FMC_TargetC_Prototype/sdk/watchman_final/src/get_transfer_fct.c
 
Building file: /home/salvador/salvador_fork/watchman-readout/FMC_TargetC_Prototype/sdk/watchman_final/src/global.c
Invoking: ARM v7 gcc compiler
arm-none-eabi-gcc -Wall -O0 -g3 -c -fmessage-length=0 -MT"src/global.o" -mcpu=cortex-a9 -mfpu=vfpv3 -mfloat-abi=hard -I/home/salvador/salvador_fork/watchman-readout/FMC_TargetC_Prototype/vitis/base_zynq_wrapper/export/base_zynq_wrapper/sw/base_zynq_wrapper/domain_ps7_cortexa9_0/bspinclude/include -MMD -MP -MF"src/global.d" -MT"src/global.o" -o "src/global.o" "/home/salvador/salvador_fork/watchman-readout/FMC_TargetC_Prototype/sdk/watchman_final/src/global.c"
In file included from /home/salvador/salvador_fork/watchman-readout/FMC_TargetC_Prototype/sdk/watchman_final/src/time_hm.h:12,
                 from /home/salvador/salvador_fork/watchman-readout/FMC_TargetC_Prototype/sdk/watchman_final/src/udp_peripheral.h:16,
                 from /home/salvador/salvador_fork/watchman-readout/FMC_TargetC_Prototype/sdk/watchman_final/src/interrupt.h:25,
                 from /home/salvador/salvador_fork/watchman-readout/FMC_TargetC_Prototype/sdk/watchman_final/src/axis_peripheral.h:18,
                 from /home/salvador/salvador_fork/watchman-readout/FMC_TargetC_Prototype/sdk/watchman_final/src/global.h:14,
                 from /home/salvador/salvador_fork/watchman-readout/FMC_TargetC_Prototype/sdk/watchman_final/src/global.c:8:
/home/salvador/salvador_fork/watchman-readout/FMC_TargetC_Prototype/vitis/base_zynq_wrapper/export/base_zynq_wrapper/sw/base_zynq_wrapper/domain_ps7_cortexa9_0/bspinclude/include/xtime_l.h:65:9: note: #pragma message: For the sleep routines, Global timer is being used
   65 | #pragma message ("For the sleep routines, Global timer is being used")
      |         ^~~~~~~
Finished building: /home/salvador/salvador_fork/watchman-readout/FMC_TargetC_Prototype/sdk/watchman_final/src/global.c
 
Building file: /home/salvador/salvador_fork/watchman-readout/FMC_TargetC_Prototype/sdk/watchman_final/src/gpio_ctrl.c
Invoking: ARM v7 gcc compiler
arm-none-eabi-gcc -Wall -O0 -g3 -c -fmessage-length=0 -MT"src/gpio_ctrl.o" -mcpu=cortex-a9 -mfpu=vfpv3 -mfloat-abi=hard -I/home/salvador/salvador_fork/watchman-readout/FMC_TargetC_Prototype/vitis/base_zynq_wrapper/export/base_zynq_wrapper/sw/base_zynq_wrapper/domain_ps7_cortexa9_0/bspinclude/include -MMD -MP -MF"src/gpio_ctrl.d" -MT"src/gpio_ctrl.o" -o "src/gpio_ctrl.o" "/home/salvador/salvador_fork/watchman-readout/FMC_TargetC_Prototype/sdk/watchman_final/src/gpio_ctrl.c"
Finished building: /home/salvador/salvador_fork/watchman-readout/FMC_TargetC_Prototype/sdk/watchman_final/src/gpio_ctrl.c
 
Building file: /home/salvador/salvador_fork/watchman-readout/FMC_TargetC_Prototype/sdk/watchman_final/src/iic_DAC_LTC2657.c
Invoking: ARM v7 gcc compiler
arm-none-eabi-gcc -Wall -O0 -g3 -c -fmessage-length=0 -MT"src/iic_DAC_LTC2657.o" -mcpu=cortex-a9 -mfpu=vfpv3 -mfloat-abi=hard -I/home/salvador/salvador_fork/watchman-readout/FMC_TargetC_Prototype/vitis/base_zynq_wrapper/export/base_zynq_wrapper/sw/base_zynq_wrapper/domain_ps7_cortexa9_0/bspinclude/include -MMD -MP -MF"src/iic_DAC_LTC2657.d" -MT"src/iic_DAC_LTC2657.o" -o "src/iic_DAC_LTC2657.o" "/home/salvador/salvador_fork/watchman-readout/FMC_TargetC_Prototype/sdk/watchman_final/src/iic_DAC_LTC2657.c"
In file included from /home/salvador/salvador_fork/watchman-readout/FMC_TargetC_Prototype/sdk/watchman_final/src/iic_DAC_LTC2657.h:15,
                 from /home/salvador/salvador_fork/watchman-readout/FMC_TargetC_Prototype/sdk/watchman_final/src/iic_DAC_LTC2657.c:8:
/home/salvador/salvador_fork/watchman-readout/FMC_TargetC_Prototype/vitis/base_zynq_wrapper/export/base_zynq_wrapper/sw/base_zynq_wrapper/domain_ps7_cortexa9_0/bspinclude/include/xtime_l.h:65:9: note: #pragma message: For the sleep routines, Global timer is being used
   65 | #pragma message ("For the sleep routines, Global timer is being used")
      |         ^~~~~~~
Finished building: /home/salvador/salvador_fork/watchman-readout/FMC_TargetC_Prototype/sdk/watchman_final/src/iic_DAC_LTC2657.c
 
Building file: /home/salvador/salvador_fork/watchman-readout/FMC_TargetC_Prototype/sdk/watchman_final/src/interrupt.c
Invoking: ARM v7 gcc compiler
arm-none-eabi-gcc -Wall -O0 -g3 -c -fmessage-length=0 -MT"src/interrupt.o" -mcpu=cortex-a9 -mfpu=vfpv3 -mfloat-abi=hard -I/home/salvador/salvador_fork/watchman-readout/FMC_TargetC_Prototype/vitis/base_zynq_wrapper/export/base_zynq_wrapper/sw/base_zynq_wrapper/domain_ps7_cortexa9_0/bspinclude/include -MMD -MP -MF"src/interrupt.d" -MT"src/interrupt.o" -o "src/interrupt.o" "/home/salvador/salvador_fork/watchman-readout/FMC_TargetC_Prototype/sdk/watchman_final/src/interrupt.c"
In file included from /home/salvador/salvador_fork/watchman-readout/FMC_TargetC_Prototype/sdk/watchman_final/src/time_hm.h:12,
                 from /home/salvador/salvador_fork/watchman-readout/FMC_TargetC_Prototype/sdk/watchman_final/src/udp_peripheral.h:16,
                 from /home/salvador/salvador_fork/watchman-readout/FMC_TargetC_Prototype/sdk/watchman_final/src/interrupt.h:25,
                 from /home/salvador/salvador_fork/watchman-readout/FMC_TargetC_Prototype/sdk/watchman_final/src/interrupt.c:8:
/home/salvador/salvador_fork/watchman-readout/FMC_TargetC_Prototype/vitis/base_zynq_wrapper/export/base_zynq_wrapper/sw/base_zynq_wrapper/domain_ps7_cortexa9_0/bspinclude/include/xtime_l.h:65:9: note: #pragma message: For the sleep routines, Global timer is being used
   65 | #pragma message ("For the sleep routines, Global timer is being used")
      |         ^~~~~~~
/home/salvador/salvador_fork/watchman-readout/FMC_TargetC_Prototype/sdk/watchman_final/src/interrupt.c: In function 'exception_callback':
/home/salvador/salvador_fork/watchman-readout/FMC_TargetC_Prototype/sdk/watchman_final/src/interrupt.c:99:41: warning: format '%d' expects argument of type 'int', but argument 3 has type 'void *' [-Wformat=]
   99 |  sprintf((char *)text, "Exception ID = %d", data);
      |                                        ~^   ~~~~
      |                                         |   |
      |                                         int void *
      |                                        %p
Finished building: /home/salvador/salvador_fork/watchman-readout/FMC_TargetC_Prototype/sdk/watchman_final/src/interrupt.c
 
Building file: /home/salvador/salvador_fork/watchman-readout/FMC_TargetC_Prototype/sdk/watchman_final/src/main.c
Invoking: ARM v7 gcc compiler
arm-none-eabi-gcc -Wall -O0 -g3 -c -fmessage-length=0 -MT"src/main.o" -mcpu=cortex-a9 -mfpu=vfpv3 -mfloat-abi=hard -I/home/salvador/salvador_fork/watchman-readout/FMC_TargetC_Prototype/vitis/base_zynq_wrapper/export/base_zynq_wrapper/sw/base_zynq_wrapper/domain_ps7_cortexa9_0/bspinclude/include -MMD -MP -MF"src/main.d" -MT"src/main.o" -o "src/main.o" "/home/salvador/salvador_fork/watchman-readout/FMC_TargetC_Prototype/sdk/watchman_final/src/main.c"
In file included from /home/salvador/salvador_fork/watchman-readout/FMC_TargetC_Prototype/sdk/watchman_final/src/time_hm.h:12,
                 from /home/salvador/salvador_fork/watchman-readout/FMC_TargetC_Prototype/sdk/watchman_final/src/udp_peripheral.h:16,
                 from /home/salvador/salvador_fork/watchman-readout/FMC_TargetC_Prototype/sdk/watchman_final/src/main.c:13:
/home/salvador/salvador_fork/watchman-readout/FMC_TargetC_Prototype/vitis/base_zynq_wrapper/export/base_zynq_wrapper/sw/base_zynq_wrapper/domain_ps7_cortexa9_0/bspinclude/include/xtime_l.h:65:9: note: #pragma message: For the sleep routines, Global timer is being used
   65 | #pragma message ("For the sleep routines, Global timer is being used")
      |         ^~~~~~~
In file included from /home/salvador/salvador_fork/watchman-readout/FMC_TargetC_Prototype/sdk/watchman_final/src/transfer_function.h:17,
                 from /home/salvador/salvador_fork/watchman-readout/FMC_TargetC_Prototype/sdk/watchman_final/src/main.c:23:
/home/salvador/salvador_fork/watchman-readout/FMC_TargetC_Prototype/sdk/watchman_final/src/GMHeader.h:22: warning: "TRUE" redefined
   22 | #define TRUE  ((int)1)
      | 
In file included from /home/salvador/salvador_fork/watchman-readout/FMC_TargetC_Prototype/vitis/base_zynq_wrapper/export/base_zynq_wrapper/sw/base_zynq_wrapper/domain_ps7_cortexa9_0/bspinclude/include/xtime_l.h:41,
                 from /home/salvador/salvador_fork/watchman-readout/FMC_TargetC_Prototype/sdk/watchman_final/src/time_hm.h:12,
                 from /home/salvador/salvador_fork/watchman-readout/FMC_TargetC_Prototype/sdk/watchman_final/src/udp_peripheral.h:16,
                 from /home/salvador/salvador_fork/watchman-readout/FMC_TargetC_Prototype/sdk/watchman_final/src/main.c:13:
/home/salvador/salvador_fork/watchman-readout/FMC_TargetC_Prototype/vitis/base_zynq_wrapper/export/base_zynq_wrapper/sw/base_zynq_wrapper/domain_ps7_cortexa9_0/bspinclude/include/xil_types.h:46: note: this is the location of the previous definition
   46 | #  define TRUE  1U
      | 
In file included from /home/salvador/salvador_fork/watchman-readout/FMC_TargetC_Prototype/sdk/watchman_final/src/transfer_function.h:17,
                 from /home/salvador/salvador_fork/watchman-readout/FMC_TargetC_Prototype/sdk/watchman_final/src/main.c:23:
/home/salvador/salvador_fork/watchman-readout/FMC_TargetC_Prototype/sdk/watchman_final/src/GMHeader.h:23: warning: "FALSE" redefined
   23 | #define FALSE  ((int)0)
      | 
In file included from /home/salvador/salvador_fork/watchman-readout/FMC_TargetC_Prototype/vitis/base_zynq_wrapper/export/base_zynq_wrapper/sw/base_zynq_wrapper/domain_ps7_cortexa9_0/bspinclude/include/xtime_l.h:41,
                 from /home/salvador/salvador_fork/watchman-readout/FMC_TargetC_Prototype/sdk/watchman_final/src/time_hm.h:12,
                 from /home/salvador/salvador_fork/watchman-readout/FMC_TargetC_Prototype/sdk/watchman_final/src/udp_peripheral.h:16,
                 from /home/salvador/salvador_fork/watchman-readout/FMC_TargetC_Prototype/sdk/watchman_final/src/main.c:13:
/home/salvador/salvador_fork/watchman-readout/FMC_TargetC_Prototype/vitis/base_zynq_wrapper/export/base_zynq_wrapper/sw/base_zynq_wrapper/domain_ps7_cortexa9_0/bspinclude/include/xil_types.h:50: note: this is the location of the previous definition
   50 | #  define FALSE  0U
      | 
/home/salvador/salvador_fork/watchman-readout/FMC_TargetC_Prototype/sdk/watchman_final/src/main.c: In function 'main':
/home/salvador/salvador_fork/watchman-readout/FMC_TargetC_Prototype/sdk/watchman_final/src/main.c:264:5: warning: implicit declaration of function 'iicps_example' [-Wimplicit-function-declaration]
  264 |  if(iicps_example() != XST_SUCCESS){
      |     ^~~~~~~~~~~~~
/home/salvador/salvador_fork/watchman-readout/FMC_TargetC_Prototype/sdk/watchman_final/src/main.c:175:6: warning: unused variable 'cnt_pedestal_windows' [-Wunused-variable]
  175 |  int cnt_pedestal_windows =0;
      |      ^~~~~~~~~~~~~~~~~~~~
/home/salvador/salvador_fork/watchman-readout/FMC_TargetC_Prototype/sdk/watchman_final/src/main.c:160:9: warning: unused variable 'cnt_avg_number' [-Wunused-variable]
  160 |     int cnt_avg_number=0;
      |         ^~~~~~~~~~~~~~
/home/salvador/salvador_fork/watchman-readout/FMC_TargetC_Prototype/sdk/watchman_final/src/main.c:155:9: warning: unused variable 'timeout' [-Wunused-variable]
  155 |     int timeout;
      |         ^~~~~~~
/home/salvador/salvador_fork/watchman-readout/FMC_TargetC_Prototype/sdk/watchman_final/src/main.c:153:16: warning: unused variable 'tEnd' [-Wunused-variable]
  153 |  XTime tStart, tEnd;
      |                ^~~~
/home/salvador/salvador_fork/watchman-readout/FMC_TargetC_Prototype/sdk/watchman_final/src/main.c:153:8: warning: unused variable 'tStart' [-Wunused-variable]
  153 |  XTime tStart, tEnd;
      |        ^~~~~~
Finished building: /home/salvador/salvador_fork/watchman-readout/FMC_TargetC_Prototype/sdk/watchman_final/src/main.c
 
Building file: /home/salvador/salvador_fork/watchman-readout/FMC_TargetC_Prototype/sdk/watchman_final/src/pedestal.c
Invoking: ARM v7 gcc compiler
arm-none-eabi-gcc -Wall -O0 -g3 -c -fmessage-length=0 -MT"src/pedestal.o" -mcpu=cortex-a9 -mfpu=vfpv3 -mfloat-abi=hard -I/home/salvador/salvador_fork/watchman-readout/FMC_TargetC_Prototype/vitis/base_zynq_wrapper/export/base_zynq_wrapper/sw/base_zynq_wrapper/domain_ps7_cortexa9_0/bspinclude/include -MMD -MP -MF"src/pedestal.d" -MT"src/pedestal.o" -o "src/pedestal.o" "/home/salvador/salvador_fork/watchman-readout/FMC_TargetC_Prototype/sdk/watchman_final/src/pedestal.c"
In file included from /home/salvador/salvador_fork/watchman-readout/FMC_TargetC_Prototype/sdk/watchman_final/src/data_analysis.h:13,
                 from /home/salvador/salvador_fork/watchman-readout/FMC_TargetC_Prototype/sdk/watchman_final/src/pedestal.h:11,
                 from /home/salvador/salvador_fork/watchman-readout/FMC_TargetC_Prototype/sdk/watchman_final/src/pedestal.c:8:
/home/salvador/salvador_fork/watchman-readout/FMC_TargetC_Prototype/vitis/base_zynq_wrapper/export/base_zynq_wrapper/sw/base_zynq_wrapper/domain_ps7_cortexa9_0/bspinclude/include/xtime_l.h:65:9: note: #pragma message: For the sleep routines, Global timer is being used
   65 | #pragma message ("For the sleep routines, Global timer is being used")
      |         ^~~~~~~
/home/salvador/salvador_fork/watchman-readout/FMC_TargetC_Prototype/sdk/watchman_final/src/pedestal.c: In function 'init_pedestals':
/home/salvador/salvador_fork/watchman-readout/FMC_TargetC_Prototype/sdk/watchman_final/src/pedestal.c:214:13: warning: format '%d' expects argument of type 'int', but argument 2 has type 'uint32_t' {aka 'long unsigned int'} [-Wformat=]
  214 |    printf("%d,",pedestal[0][ped_channel][ped_sample]);
      |            ~^   ~~~~~~~~~~~~~~~~~~~~~~~~~~~~~~~~~~~~
      |             |                           |
      |             int                         uint32_t {aka long unsigned int}
      |            %ld
/home/salvador/salvador_fork/watchman-readout/FMC_TargetC_Prototype/sdk/watchman_final/src/pedestal.c: In function 'get_pedestal':
/home/salvador/salvador_fork/watchman-readout/FMC_TargetC_Prototype/sdk/watchman_final/src/pedestal.c:245:9: warning: unused variable 'k' [-Wunused-variable]
  245 | int i,j,k,window,channel,sample;
      |         ^
Finished building: /home/salvador/salvador_fork/watchman-readout/FMC_TargetC_Prototype/sdk/watchman_final/src/pedestal.c
 
Building file: /home/salvador/salvador_fork/watchman-readout/FMC_TargetC_Prototype/sdk/watchman_final/src/platform_mb.c
Invoking: ARM v7 gcc compiler
arm-none-eabi-gcc -Wall -O0 -g3 -c -fmessage-length=0 -MT"src/platform_mb.o" -mcpu=cortex-a9 -mfpu=vfpv3 -mfloat-abi=hard -I/home/salvador/salvador_fork/watchman-readout/FMC_TargetC_Prototype/vitis/base_zynq_wrapper/export/base_zynq_wrapper/sw/base_zynq_wrapper/domain_ps7_cortexa9_0/bspinclude/include -MMD -MP -MF"src/platform_mb.d" -MT"src/platform_mb.o" -o "src/platform_mb.o" "/home/salvador/salvador_fork/watchman-readout/FMC_TargetC_Prototype/sdk/watchman_final/src/platform_mb.c"
Finished building: /home/salvador/salvador_fork/watchman-readout/FMC_TargetC_Prototype/sdk/watchman_final/src/platform_mb.c
 
Building file: /home/salvador/salvador_fork/watchman-readout/FMC_TargetC_Prototype/sdk/watchman_final/src/platform_ppc.c
Invoking: ARM v7 gcc compiler
arm-none-eabi-gcc -Wall -O0 -g3 -c -fmessage-length=0 -MT"src/platform_ppc.o" -mcpu=cortex-a9 -mfpu=vfpv3 -mfloat-abi=hard -I/home/salvador/salvador_fork/watchman-readout/FMC_TargetC_Prototype/vitis/base_zynq_wrapper/export/base_zynq_wrapper/sw/base_zynq_wrapper/domain_ps7_cortexa9_0/bspinclude/include -MMD -MP -MF"src/platform_ppc.d" -MT"src/platform_ppc.o" -o "src/platform_ppc.o" "/home/salvador/salvador_fork/watchman-readout/FMC_TargetC_Prototype/sdk/watchman_final/src/platform_ppc.c"
Finished building: /home/salvador/salvador_fork/watchman-readout/FMC_TargetC_Prototype/sdk/watchman_final/src/platform_ppc.c
 
Building file: /home/salvador/salvador_fork/watchman-readout/FMC_TargetC_Prototype/sdk/watchman_final/src/sfp.c
Invoking: ARM v7 gcc compiler
arm-none-eabi-gcc -Wall -O0 -g3 -c -fmessage-length=0 -MT"src/sfp.o" -mcpu=cortex-a9 -mfpu=vfpv3 -mfloat-abi=hard -I/home/salvador/salvador_fork/watchman-readout/FMC_TargetC_Prototype/vitis/base_zynq_wrapper/export/base_zynq_wrapper/sw/base_zynq_wrapper/domain_ps7_cortexa9_0/bspinclude/include -MMD -MP -MF"src/sfp.d" -MT"src/sfp.o" -o "src/sfp.o" "/home/salvador/salvador_fork/watchman-readout/FMC_TargetC_Prototype/sdk/watchman_final/src/sfp.c"
Finished building: /home/salvador/salvador_fork/watchman-readout/FMC_TargetC_Prototype/sdk/watchman_final/src/sfp.c
 
Building file: /home/salvador/salvador_fork/watchman-readout/FMC_TargetC_Prototype/sdk/watchman_final/src/si5324.c
Invoking: ARM v7 gcc compiler
arm-none-eabi-gcc -Wall -O0 -g3 -c -fmessage-length=0 -MT"src/si5324.o" -mcpu=cortex-a9 -mfpu=vfpv3 -mfloat-abi=hard -I/home/salvador/salvador_fork/watchman-readout/FMC_TargetC_Prototype/vitis/base_zynq_wrapper/export/base_zynq_wrapper/sw/base_zynq_wrapper/domain_ps7_cortexa9_0/bspinclude/include -MMD -MP -MF"src/si5324.d" -MT"src/si5324.o" -o "src/si5324.o" "/home/salvador/salvador_fork/watchman-readout/FMC_TargetC_Prototype/sdk/watchman_final/src/si5324.c"
Finished building: /home/salvador/salvador_fork/watchman-readout/FMC_TargetC_Prototype/sdk/watchman_final/src/si5324.c
 
Building file: /home/salvador/salvador_fork/watchman-readout/FMC_TargetC_Prototype/sdk/watchman_final/src/time_hm.c
Invoking: ARM v7 gcc compiler
arm-none-eabi-gcc -Wall -O0 -g3 -c -fmessage-length=0 -MT"src/time_hm.o" -mcpu=cortex-a9 -mfpu=vfpv3 -mfloat-abi=hard -I/home/salvador/salvador_fork/watchman-readout/FMC_TargetC_Prototype/vitis/base_zynq_wrapper/export/base_zynq_wrapper/sw/base_zynq_wrapper/domain_ps7_cortexa9_0/bspinclude/include -MMD -MP -MF"src/time_hm.d" -MT"src/time_hm.o" -o "src/time_hm.o" "/home/salvador/salvador_fork/watchman-readout/FMC_TargetC_Prototype/sdk/watchman_final/src/time_hm.c"
In file included from /home/salvador/salvador_fork/watchman-readout/FMC_TargetC_Prototype/sdk/watchman_final/src/time_hm.h:12,
                 from /home/salvador/salvador_fork/watchman-readout/FMC_TargetC_Prototype/sdk/watchman_final/src/time_hm.c:8:
/home/salvador/salvador_fork/watchman-readout/FMC_TargetC_Prototype/vitis/base_zynq_wrapper/export/base_zynq_wrapper/sw/base_zynq_wrapper/domain_ps7_cortexa9_0/bspinclude/include/xtime_l.h:65:9: note: #pragma message: For the sleep routines, Global timer is being used
   65 | #pragma message ("For the sleep routines, Global timer is being used")
      |         ^~~~~~~
Finished building: /home/salvador/salvador_fork/watchman-readout/FMC_TargetC_Prototype/sdk/watchman_final/src/time_hm.c
 
Building file: /home/salvador/salvador_fork/watchman-readout/FMC_TargetC_Prototype/sdk/watchman_final/src/transfer_function.c
Invoking: ARM v7 gcc compiler
arm-none-eabi-gcc -Wall -O0 -g3 -c -fmessage-length=0 -MT"src/transfer_function.o" -mcpu=cortex-a9 -mfpu=vfpv3 -mfloat-abi=hard -I/home/salvador/salvador_fork/watchman-readout/FMC_TargetC_Prototype/vitis/base_zynq_wrapper/export/base_zynq_wrapper/sw/base_zynq_wrapper/domain_ps7_cortexa9_0/bspinclude/include -MMD -MP -MF"src/transfer_function.d" -MT"src/transfer_function.o" -o "src/transfer_function.o" "/home/salvador/salvador_fork/watchman-readout/FMC_TargetC_Prototype/sdk/watchman_final/src/transfer_function.c"
In file included from /home/salvador/salvador_fork/watchman-readout/FMC_TargetC_Prototype/sdk/watchman_final/src/data_analysis.h:13,
                 from /home/salvador/salvador_fork/watchman-readout/FMC_TargetC_Prototype/sdk/watchman_final/src/transfer_function.h:12,
                 from /home/salvador/salvador_fork/watchman-readout/FMC_TargetC_Prototype/sdk/watchman_final/src/transfer_function.c:8:
/home/salvador/salvador_fork/watchman-readout/FMC_TargetC_Prototype/vitis/base_zynq_wrapper/export/base_zynq_wrapper/sw/base_zynq_wrapper/domain_ps7_cortexa9_0/bspinclude/include/xtime_l.h:65:9: note: #pragma message: For the sleep routines, Global timer is being used
   65 | #pragma message ("For the sleep routines, Global timer is being used")
      |         ^~~~~~~
In file included from /home/salvador/salvador_fork/watchman-readout/FMC_TargetC_Prototype/sdk/watchman_final/src/transfer_function.h:17,
                 from /home/salvador/salvador_fork/watchman-readout/FMC_TargetC_Prototype/sdk/watchman_final/src/transfer_function.c:8:
/home/salvador/salvador_fork/watchman-readout/FMC_TargetC_Prototype/sdk/watchman_final/src/GMHeader.h:22: warning: "TRUE" redefined
   22 | #define TRUE  ((int)1)
      | 
In file included from /home/salvador/salvador_fork/watchman-readout/FMC_TargetC_Prototype/vitis/base_zynq_wrapper/export/base_zynq_wrapper/sw/base_zynq_wrapper/domain_ps7_cortexa9_0/bspinclude/include/xstatus.h:28,
                 from /home/salvador/salvador_fork/watchman-readout/FMC_TargetC_Prototype/sdk/watchman_final/src/transfer_function.h:11,
                 from /home/salvador/salvador_fork/watchman-readout/FMC_TargetC_Prototype/sdk/watchman_final/src/transfer_function.c:8:
/home/salvador/salvador_fork/watchman-readout/FMC_TargetC_Prototype/vitis/base_zynq_wrapper/export/base_zynq_wrapper/sw/base_zynq_wrapper/domain_ps7_cortexa9_0/bspinclude/include/xil_types.h:46: note: this is the location of the previous definition
   46 | #  define TRUE  1U
      | 
In file included from /home/salvador/salvador_fork/watchman-readout/FMC_TargetC_Prototype/sdk/watchman_final/src/transfer_function.h:17,
                 from /home/salvador/salvador_fork/watchman-readout/FMC_TargetC_Prototype/sdk/watchman_final/src/transfer_function.c:8:
/home/salvador/salvador_fork/watchman-readout/FMC_TargetC_Prototype/sdk/watchman_final/src/GMHeader.h:23: warning: "FALSE" redefined
   23 | #define FALSE  ((int)0)
      | 
In file included from /home/salvador/salvador_fork/watchman-readout/FMC_TargetC_Prototype/vitis/base_zynq_wrapper/export/base_zynq_wrapper/sw/base_zynq_wrapper/domain_ps7_cortexa9_0/bspinclude/include/xstatus.h:28,
                 from /home/salvador/salvador_fork/watchman-readout/FMC_TargetC_Prototype/sdk/watchman_final/src/transfer_function.h:11,
                 from /home/salvador/salvador_fork/watchman-readout/FMC_TargetC_Prototype/sdk/watchman_final/src/transfer_function.c:8:
/home/salvador/salvador_fork/watchman-readout/FMC_TargetC_Prototype/vitis/base_zynq_wrapper/export/base_zynq_wrapper/sw/base_zynq_wrapper/domain_ps7_cortexa9_0/bspinclude/include/xil_types.h:50: note: this is the location of the previous definition
   50 | #  define FALSE  0U
      | 
Finished building: /home/salvador/salvador_fork/watchman-readout/FMC_TargetC_Prototype/sdk/watchman_final/src/transfer_function.c
 
Building file: /home/salvador/salvador_fork/watchman-readout/FMC_TargetC_Prototype/sdk/watchman_final/src/udp_peripheral.c
Invoking: ARM v7 gcc compiler
arm-none-eabi-gcc -Wall -O0 -g3 -c -fmessage-length=0 -MT"src/udp_peripheral.o" -mcpu=cortex-a9 -mfpu=vfpv3 -mfloat-abi=hard -I/home/salvador/salvador_fork/watchman-readout/FMC_TargetC_Prototype/vitis/base_zynq_wrapper/export/base_zynq_wrapper/sw/base_zynq_wrapper/domain_ps7_cortexa9_0/bspinclude/include -MMD -MP -MF"src/udp_peripheral.d" -MT"src/udp_peripheral.o" -o "src/udp_peripheral.o" "/home/salvador/salvador_fork/watchman-readout/FMC_TargetC_Prototype/sdk/watchman_final/src/udp_peripheral.c"
In file included from /home/salvador/salvador_fork/watchman-readout/FMC_TargetC_Prototype/sdk/watchman_final/src/time_hm.h:12,
                 from /home/salvador/salvador_fork/watchman-readout/FMC_TargetC_Prototype/sdk/watchman_final/src/udp_peripheral.h:16,
                 from /home/salvador/salvador_fork/watchman-readout/FMC_TargetC_Prototype/sdk/watchman_final/src/udp_peripheral.c:8:
/home/salvador/salvador_fork/watchman-readout/FMC_TargetC_Prototype/vitis/base_zynq_wrapper/export/base_zynq_wrapper/sw/base_zynq_wrapper/domain_ps7_cortexa9_0/bspinclude/include/xtime_l.h:65:9: note: #pragma message: For the sleep routines, Global timer is being used
   65 | #pragma message ("For the sleep routines, Global timer is being used")
      |         ^~~~~~~
/home/salvador/salvador_fork/watchman-readout/FMC_TargetC_Prototype/sdk/watchman_final/src/udp_peripheral.c: In function 'command_parser':
/home/salvador/salvador_fork/watchman-readout/FMC_TargetC_Prototype/sdk/watchman_final/src/udp_peripheral.c:211:6: warning: unused variable 'regVal' [-Wunused-variable]
  211 |  int regVal;
      |      ^~~~~~
Finished building: /home/salvador/salvador_fork/watchman-readout/FMC_TargetC_Prototype/sdk/watchman_final/src/udp_peripheral.c
 
Building file: /home/salvador/salvador_fork/watchman-readout/FMC_TargetC_Prototype/sdk/watchman_final/src/utility.c
Invoking: ARM v7 gcc compiler
arm-none-eabi-gcc -Wall -O0 -g3 -c -fmessage-length=0 -MT"src/utility.o" -mcpu=cortex-a9 -mfpu=vfpv3 -mfloat-abi=hard -I/home/salvador/salvador_fork/watchman-readout/FMC_TargetC_Prototype/vitis/base_zynq_wrapper/export/base_zynq_wrapper/sw/base_zynq_wrapper/domain_ps7_cortexa9_0/bspinclude/include -MMD -MP -MF"src/utility.d" -MT"src/utility.o" -o "src/utility.o" "/home/salvador/salvador_fork/watchman-readout/FMC_TargetC_Prototype/sdk/watchman_final/src/utility.c"
Finished building: /home/salvador/salvador_fork/watchman-readout/FMC_TargetC_Prototype/sdk/watchman_final/src/utility.c
 
Building target: 6UVME.elf
Invoking: ARM v7 gcc linker
arm-none-eabi-gcc -mcpu=cortex-a9 -mfpu=vfpv3 -mfloat-abi=hard -Wl,-build-id=none -specs=Xilinx.spec -Wl,-T -Wl,../src/lscript.ld -L/home/salvador/salvador_fork/watchman-readout/FMC_TargetC_Prototype/vitis/base_zynq_wrapper/export/base_zynq_wrapper/sw/base_zynq_wrapper/domain_ps7_cortexa9_0/bsplib/lib -o "6UVME.elf"  ./src/GM_SubLibrary.o ./src/TARGETC_RegisterMap.o ./src/axis_peripheral.o ./src/data_analysis.o ./src/data_test.o ./src/file_hm.o ./src/get_15_windows.o ./src/get_transfer_fct.o ./src/global.o ./src/gpio_ctrl.o ./src/iic_DAC_LTC2657.o ./src/interrupt.o ./src/main.o ./src/pedestal.o ./src/platform_mb.o ./src/platform_ppc.o ./src/sfp.o ./src/si5324.o ./src/time_hm.o ./src/transfer_function.o ./src/udp_peripheral.o ./src/utility.o   -lm -Wl,--start-group,-lxil,-lgcc,-lc,--end-group -Wl,--start-group,-lxilffs,-lxil,-lgcc,-lc,--end-group -Wl,--start-group,-lxil,-llwip4,-lgcc,-lc,--end-group -Wl,--start-group,-lrsa,-lxil,-lgcc,-lc,--end-group
/tools/Xilinx/Vitis/2020.1/gnu/aarch32/lin/gcc-arm-none-eabi/x86_64-oesdk-linux/usr/bin/arm-xilinx-eabi/arm-xilinx-eabi-ld.real: ./src/main.o: in function `main':
/home/salvador/salvador_fork/watchman-readout/FMC_TargetC_Prototype/sdk/watchman_final/src/main.c:264: undefined reference to `iicps_example'
collect2.real: error: ld returned 1 exit status
makefile:41: recipe for target '6UVME.elf' failed
make[1]: *** [6UVME.elf] Error 1
makefile:33: recipe for target 'all' failed
make: *** [all] Error 2

15:12:25 Build Finished (took 3s.327ms)

